[2022-12-15T11:07:10.242+0000] {taskinstance.py:1087} INFO - Dependencies all met for <TaskInstance: dataset_consumes_1.consuming_1 manual__2022-12-15T11:07:09.095196+00:00 [queued]>
[2022-12-15T11:07:10.253+0000] {taskinstance.py:1087} INFO - Dependencies all met for <TaskInstance: dataset_consumes_1.consuming_1 manual__2022-12-15T11:07:09.095196+00:00 [queued]>
[2022-12-15T11:07:10.254+0000] {taskinstance.py:1283} INFO - 
--------------------------------------------------------------------------------
[2022-12-15T11:07:10.254+0000] {taskinstance.py:1284} INFO - Starting attempt 1 of 1
[2022-12-15T11:07:10.254+0000] {taskinstance.py:1285} INFO - 
--------------------------------------------------------------------------------
[2022-12-15T11:07:10.264+0000] {taskinstance.py:1304} INFO - Executing <Task(BashOperator): consuming_1> on 2022-12-15 11:07:09.095196+00:00
[2022-12-15T11:07:10.275+0000] {standard_task_runner.py:55} INFO - Started process 122 to run task
[2022-12-15T11:07:10.279+0000] {standard_task_runner.py:82} INFO - Running: ['***', 'tasks', 'run', 'dataset_consumes_1', 'consuming_1', 'manual__2022-12-15T11:07:09.095196+00:00', '--job-id', '3', '--raw', '--subdir', '/home/***/.local/lib/python3.7/site-packages/***/example_dags/example_datasets.py', '--cfg-path', '/tmp/tmptwn650qf']
[2022-12-15T11:07:10.280+0000] {standard_task_runner.py:83} INFO - Job 3: Subtask consuming_1
[2022-12-15T11:07:10.331+0000] {task_command.py:389} INFO - Running <TaskInstance: dataset_consumes_1.consuming_1 manual__2022-12-15T11:07:09.095196+00:00 [running]> on host 0b34e9339e8a
[2022-12-15T11:07:10.397+0000] {taskinstance.py:1513} INFO - Exporting the following env vars:
AIRFLOW_CTX_DAG_OWNER=***
AIRFLOW_CTX_DAG_ID=dataset_consumes_1
AIRFLOW_CTX_TASK_ID=consuming_1
AIRFLOW_CTX_EXECUTION_DATE=2022-12-15T11:07:09.095196+00:00
AIRFLOW_CTX_TRY_NUMBER=1
AIRFLOW_CTX_DAG_RUN_ID=manual__2022-12-15T11:07:09.095196+00:00
[2022-12-15T11:07:10.398+0000] {subprocess.py:63} INFO - Tmp dir root location: 
 /tmp
[2022-12-15T11:07:10.399+0000] {subprocess.py:75} INFO - Running command: ['/bin/bash', '-c', 'sleep 5']
[2022-12-15T11:07:10.415+0000] {subprocess.py:86} INFO - Output:
[2022-12-15T11:07:15.420+0000] {subprocess.py:97} INFO - Command exited with return code 0
[2022-12-15T11:07:15.460+0000] {warnings.py:110} WARNING - /home/***/.local/lib/python3.7/site-packages/***/models/baseoperator.py:1393: RemovedInAirflow3Warning: Passing 'execution_date' to 'TaskInstance.xcom_push()' is deprecated.
  context["ti"].xcom_push(key=key, value=value, execution_date=execution_date)

[2022-12-15T11:07:15.482+0000] {taskinstance.py:1327} INFO - Marking task as SUCCESS. dag_id=dataset_consumes_1, task_id=consuming_1, execution_date=20221215T110709, start_date=20221215T110710, end_date=20221215T110715
[2022-12-15T11:07:15.539+0000] {local_task_job.py:159} INFO - Task exited with return code 0
[2022-12-15T11:07:15.563+0000] {taskinstance.py:2582} INFO - 0 downstream tasks scheduled from follow-on schedule check
