[2022-12-15T13:27:18.359+0000] {processor.py:153} INFO - Started process (PID=22111) to work on /opt/airflow/dags/sonatav1.py
[2022-12-15T13:27:18.360+0000] {processor.py:743} INFO - Processing file /opt/airflow/dags/sonatav1.py for tasks to queue
[2022-12-15T13:27:18.360+0000] {logging_mixin.py:137} INFO - [2022-12-15T13:27:18.360+0000] {dagbag.py:538} INFO - Filling up the DagBag from /opt/airflow/dags/sonatav1.py
[2022-12-15T13:27:18.368+0000] {logging_mixin.py:137} INFO - [2022-12-15T13:27:18.366+0000] {dagbag.py:343} ERROR - Failed to import: /opt/airflow/dags/sonatav1.py
Traceback (most recent call last):
  File "/home/airflow/.local/lib/python3.7/site-packages/airflow/models/dagbag.py", line 339, in parse
    loader.exec_module(new_module)
  File "<frozen importlib._bootstrap_external>", line 728, in exec_module
  File "<frozen importlib._bootstrap>", line 219, in _call_with_frames_removed
  File "/opt/airflow/dags/sonatav1.py", line 7, in <module>
    from constants.dag_default_constants import DEFAULT_DAGRUN_TIMEOUT
ModuleNotFoundError: No module named 'constants'
[2022-12-15T13:27:18.368+0000] {processor.py:755} WARNING - No viable dags retrieved from /opt/airflow/dags/sonatav1.py
[2022-12-15T13:27:18.381+0000] {processor.py:175} INFO - Processing /opt/airflow/dags/sonatav1.py took 0.024 seconds
[2022-12-15T13:27:48.836+0000] {processor.py:153} INFO - Started process (PID=22184) to work on /opt/airflow/dags/sonatav1.py
[2022-12-15T13:27:48.848+0000] {processor.py:743} INFO - Processing file /opt/airflow/dags/sonatav1.py for tasks to queue
[2022-12-15T13:27:48.849+0000] {logging_mixin.py:137} INFO - [2022-12-15T13:27:48.849+0000] {dagbag.py:538} INFO - Filling up the DagBag from /opt/airflow/dags/sonatav1.py
[2022-12-15T13:27:48.862+0000] {logging_mixin.py:137} INFO - [2022-12-15T13:27:48.861+0000] {dagbag.py:343} ERROR - Failed to import: /opt/airflow/dags/sonatav1.py
Traceback (most recent call last):
  File "/home/airflow/.local/lib/python3.7/site-packages/airflow/models/dagbag.py", line 339, in parse
    loader.exec_module(new_module)
  File "<frozen importlib._bootstrap_external>", line 728, in exec_module
  File "<frozen importlib._bootstrap>", line 219, in _call_with_frames_removed
  File "/opt/airflow/dags/sonatav1.py", line 7, in <module>
    from constants.dag_default_constants import DEFAULT_DAGRUN_TIMEOUT
ModuleNotFoundError: No module named 'constants'
[2022-12-15T13:27:48.862+0000] {processor.py:755} WARNING - No viable dags retrieved from /opt/airflow/dags/sonatav1.py
[2022-12-15T13:27:48.876+0000] {processor.py:175} INFO - Processing /opt/airflow/dags/sonatav1.py took 0.043 seconds
[2022-12-15T13:28:19.306+0000] {processor.py:153} INFO - Started process (PID=22274) to work on /opt/airflow/dags/sonatav1.py
[2022-12-15T13:28:19.317+0000] {processor.py:743} INFO - Processing file /opt/airflow/dags/sonatav1.py for tasks to queue
[2022-12-15T13:28:19.318+0000] {logging_mixin.py:137} INFO - [2022-12-15T13:28:19.318+0000] {dagbag.py:538} INFO - Filling up the DagBag from /opt/airflow/dags/sonatav1.py
[2022-12-15T13:28:19.323+0000] {logging_mixin.py:137} INFO - [2022-12-15T13:28:19.323+0000] {dagbag.py:343} ERROR - Failed to import: /opt/airflow/dags/sonatav1.py
Traceback (most recent call last):
  File "/home/airflow/.local/lib/python3.7/site-packages/airflow/models/dagbag.py", line 339, in parse
    loader.exec_module(new_module)
  File "<frozen importlib._bootstrap_external>", line 728, in exec_module
  File "<frozen importlib._bootstrap>", line 219, in _call_with_frames_removed
  File "/opt/airflow/dags/sonatav1.py", line 7, in <module>
    from constants.dag_default_constants import DEFAULT_DAGRUN_TIMEOUT
ModuleNotFoundError: No module named 'constants'
[2022-12-15T13:28:19.324+0000] {processor.py:755} WARNING - No viable dags retrieved from /opt/airflow/dags/sonatav1.py
[2022-12-15T13:28:19.335+0000] {processor.py:175} INFO - Processing /opt/airflow/dags/sonatav1.py took 0.032 seconds
[2022-12-15T13:28:49.736+0000] {processor.py:153} INFO - Started process (PID=22346) to work on /opt/airflow/dags/sonatav1.py
[2022-12-15T13:28:49.747+0000] {processor.py:743} INFO - Processing file /opt/airflow/dags/sonatav1.py for tasks to queue
[2022-12-15T13:28:49.748+0000] {logging_mixin.py:137} INFO - [2022-12-15T13:28:49.748+0000] {dagbag.py:538} INFO - Filling up the DagBag from /opt/airflow/dags/sonatav1.py
[2022-12-15T13:28:49.761+0000] {logging_mixin.py:137} INFO - [2022-12-15T13:28:49.760+0000] {dagbag.py:343} ERROR - Failed to import: /opt/airflow/dags/sonatav1.py
Traceback (most recent call last):
  File "/home/airflow/.local/lib/python3.7/site-packages/airflow/models/dagbag.py", line 339, in parse
    loader.exec_module(new_module)
  File "<frozen importlib._bootstrap_external>", line 728, in exec_module
  File "<frozen importlib._bootstrap>", line 219, in _call_with_frames_removed
  File "/opt/airflow/dags/sonatav1.py", line 7, in <module>
    from constants.dag_default_constants import DEFAULT_DAGRUN_TIMEOUT
ModuleNotFoundError: No module named 'constants'
[2022-12-15T13:28:49.761+0000] {processor.py:755} WARNING - No viable dags retrieved from /opt/airflow/dags/sonatav1.py
[2022-12-15T13:28:49.774+0000] {processor.py:175} INFO - Processing /opt/airflow/dags/sonatav1.py took 0.042 seconds
[2022-12-15T13:29:20.289+0000] {processor.py:153} INFO - Started process (PID=22435) to work on /opt/airflow/dags/sonatav1.py
[2022-12-15T13:29:20.300+0000] {processor.py:743} INFO - Processing file /opt/airflow/dags/sonatav1.py for tasks to queue
[2022-12-15T13:29:20.301+0000] {logging_mixin.py:137} INFO - [2022-12-15T13:29:20.301+0000] {dagbag.py:538} INFO - Filling up the DagBag from /opt/airflow/dags/sonatav1.py
[2022-12-15T13:29:20.314+0000] {logging_mixin.py:137} INFO - [2022-12-15T13:29:20.313+0000] {dagbag.py:343} ERROR - Failed to import: /opt/airflow/dags/sonatav1.py
Traceback (most recent call last):
  File "/home/airflow/.local/lib/python3.7/site-packages/airflow/models/dagbag.py", line 339, in parse
    loader.exec_module(new_module)
  File "<frozen importlib._bootstrap_external>", line 728, in exec_module
  File "<frozen importlib._bootstrap>", line 219, in _call_with_frames_removed
  File "/opt/airflow/dags/sonatav1.py", line 7, in <module>
    from constants.dag_default_constants import DEFAULT_DAGRUN_TIMEOUT
ModuleNotFoundError: No module named 'constants'
[2022-12-15T13:29:20.314+0000] {processor.py:755} WARNING - No viable dags retrieved from /opt/airflow/dags/sonatav1.py
[2022-12-15T13:29:20.327+0000] {processor.py:175} INFO - Processing /opt/airflow/dags/sonatav1.py took 0.042 seconds
[2022-12-15T13:29:50.819+0000] {processor.py:153} INFO - Started process (PID=22508) to work on /opt/airflow/dags/sonatav1.py
[2022-12-15T13:29:50.830+0000] {processor.py:743} INFO - Processing file /opt/airflow/dags/sonatav1.py for tasks to queue
[2022-12-15T13:29:50.831+0000] {logging_mixin.py:137} INFO - [2022-12-15T13:29:50.830+0000] {dagbag.py:538} INFO - Filling up the DagBag from /opt/airflow/dags/sonatav1.py
[2022-12-15T13:29:50.836+0000] {logging_mixin.py:137} INFO - [2022-12-15T13:29:50.836+0000] {dagbag.py:343} ERROR - Failed to import: /opt/airflow/dags/sonatav1.py
Traceback (most recent call last):
  File "/home/airflow/.local/lib/python3.7/site-packages/airflow/models/dagbag.py", line 339, in parse
    loader.exec_module(new_module)
  File "<frozen importlib._bootstrap_external>", line 728, in exec_module
  File "<frozen importlib._bootstrap>", line 219, in _call_with_frames_removed
  File "/opt/airflow/dags/sonatav1.py", line 7, in <module>
    from constants.dag_default_constants import DEFAULT_DAGRUN_TIMEOUT
ModuleNotFoundError: No module named 'constants'
[2022-12-15T13:29:50.836+0000] {processor.py:755} WARNING - No viable dags retrieved from /opt/airflow/dags/sonatav1.py
[2022-12-15T13:29:50.851+0000] {processor.py:175} INFO - Processing /opt/airflow/dags/sonatav1.py took 0.034 seconds
[2022-12-15T13:30:21.308+0000] {processor.py:153} INFO - Started process (PID=22597) to work on /opt/airflow/dags/sonatav1.py
[2022-12-15T13:30:21.320+0000] {processor.py:743} INFO - Processing file /opt/airflow/dags/sonatav1.py for tasks to queue
[2022-12-15T13:30:21.320+0000] {logging_mixin.py:137} INFO - [2022-12-15T13:30:21.320+0000] {dagbag.py:538} INFO - Filling up the DagBag from /opt/airflow/dags/sonatav1.py
[2022-12-15T13:30:21.330+0000] {logging_mixin.py:137} INFO - [2022-12-15T13:30:21.329+0000] {dagbag.py:343} ERROR - Failed to import: /opt/airflow/dags/sonatav1.py
Traceback (most recent call last):
  File "/home/airflow/.local/lib/python3.7/site-packages/airflow/models/dagbag.py", line 339, in parse
    loader.exec_module(new_module)
  File "<frozen importlib._bootstrap_external>", line 728, in exec_module
  File "<frozen importlib._bootstrap>", line 219, in _call_with_frames_removed
  File "/opt/airflow/dags/sonatav1.py", line 7, in <module>
    from constants.dag_default_constants import DEFAULT_DAGRUN_TIMEOUT
ModuleNotFoundError: No module named 'constants'
[2022-12-15T13:30:21.331+0000] {processor.py:755} WARNING - No viable dags retrieved from /opt/airflow/dags/sonatav1.py
[2022-12-15T13:30:21.345+0000] {processor.py:175} INFO - Processing /opt/airflow/dags/sonatav1.py took 0.041 seconds
[2022-12-15T13:30:51.784+0000] {processor.py:153} INFO - Started process (PID=22671) to work on /opt/airflow/dags/sonatav1.py
[2022-12-15T13:30:51.785+0000] {processor.py:743} INFO - Processing file /opt/airflow/dags/sonatav1.py for tasks to queue
[2022-12-15T13:30:51.785+0000] {logging_mixin.py:137} INFO - [2022-12-15T13:30:51.785+0000] {dagbag.py:538} INFO - Filling up the DagBag from /opt/airflow/dags/sonatav1.py
[2022-12-15T13:30:51.790+0000] {logging_mixin.py:137} INFO - [2022-12-15T13:30:51.790+0000] {dagbag.py:343} ERROR - Failed to import: /opt/airflow/dags/sonatav1.py
Traceback (most recent call last):
  File "/home/airflow/.local/lib/python3.7/site-packages/airflow/models/dagbag.py", line 339, in parse
    loader.exec_module(new_module)
  File "<frozen importlib._bootstrap_external>", line 728, in exec_module
  File "<frozen importlib._bootstrap>", line 219, in _call_with_frames_removed
  File "/opt/airflow/dags/sonatav1.py", line 7, in <module>
    from constants.dag_default_constants import DEFAULT_DAGRUN_TIMEOUT
ModuleNotFoundError: No module named 'constants'
[2022-12-15T13:30:51.791+0000] {processor.py:755} WARNING - No viable dags retrieved from /opt/airflow/dags/sonatav1.py
[2022-12-15T13:30:51.803+0000] {processor.py:175} INFO - Processing /opt/airflow/dags/sonatav1.py took 0.021 seconds
[2022-12-15T13:31:22.512+0000] {processor.py:153} INFO - Started process (PID=22760) to work on /opt/airflow/dags/sonatav1.py
[2022-12-15T13:31:22.524+0000] {processor.py:743} INFO - Processing file /opt/airflow/dags/sonatav1.py for tasks to queue
[2022-12-15T13:31:22.525+0000] {logging_mixin.py:137} INFO - [2022-12-15T13:31:22.525+0000] {dagbag.py:538} INFO - Filling up the DagBag from /opt/airflow/dags/sonatav1.py
[2022-12-15T13:31:22.537+0000] {logging_mixin.py:137} INFO - [2022-12-15T13:31:22.536+0000] {dagbag.py:343} ERROR - Failed to import: /opt/airflow/dags/sonatav1.py
Traceback (most recent call last):
  File "/home/airflow/.local/lib/python3.7/site-packages/airflow/models/dagbag.py", line 339, in parse
    loader.exec_module(new_module)
  File "<frozen importlib._bootstrap_external>", line 728, in exec_module
  File "<frozen importlib._bootstrap>", line 219, in _call_with_frames_removed
  File "/opt/airflow/dags/sonatav1.py", line 7, in <module>
    from constants.dag_default_constants import DEFAULT_DAGRUN_TIMEOUT
ModuleNotFoundError: No module named 'constants'
[2022-12-15T13:31:22.538+0000] {processor.py:755} WARNING - No viable dags retrieved from /opt/airflow/dags/sonatav1.py
[2022-12-15T13:31:22.550+0000] {processor.py:175} INFO - Processing /opt/airflow/dags/sonatav1.py took 0.041 seconds
[2022-12-15T13:31:52.742+0000] {processor.py:153} INFO - Started process (PID=22833) to work on /opt/airflow/dags/sonatav1.py
[2022-12-15T13:31:52.753+0000] {processor.py:743} INFO - Processing file /opt/airflow/dags/sonatav1.py for tasks to queue
[2022-12-15T13:31:52.754+0000] {logging_mixin.py:137} INFO - [2022-12-15T13:31:52.754+0000] {dagbag.py:538} INFO - Filling up the DagBag from /opt/airflow/dags/sonatav1.py
[2022-12-15T13:31:52.762+0000] {logging_mixin.py:137} INFO - [2022-12-15T13:31:52.761+0000] {dagbag.py:343} ERROR - Failed to import: /opt/airflow/dags/sonatav1.py
Traceback (most recent call last):
  File "/home/airflow/.local/lib/python3.7/site-packages/airflow/models/dagbag.py", line 339, in parse
    loader.exec_module(new_module)
  File "<frozen importlib._bootstrap_external>", line 728, in exec_module
  File "<frozen importlib._bootstrap>", line 219, in _call_with_frames_removed
  File "/opt/airflow/dags/sonatav1.py", line 7, in <module>
    from constants.dag_default_constants import DEFAULT_DAGRUN_TIMEOUT
ModuleNotFoundError: No module named 'constants'
[2022-12-15T13:31:52.762+0000] {processor.py:755} WARNING - No viable dags retrieved from /opt/airflow/dags/sonatav1.py
[2022-12-15T13:31:52.777+0000] {processor.py:175} INFO - Processing /opt/airflow/dags/sonatav1.py took 0.037 seconds
[2022-12-15T13:32:23.095+0000] {processor.py:153} INFO - Started process (PID=22923) to work on /opt/airflow/dags/sonatav1.py
[2022-12-15T13:32:23.106+0000] {processor.py:743} INFO - Processing file /opt/airflow/dags/sonatav1.py for tasks to queue
[2022-12-15T13:32:23.107+0000] {logging_mixin.py:137} INFO - [2022-12-15T13:32:23.107+0000] {dagbag.py:538} INFO - Filling up the DagBag from /opt/airflow/dags/sonatav1.py
[2022-12-15T13:32:23.112+0000] {logging_mixin.py:137} INFO - [2022-12-15T13:32:23.112+0000] {dagbag.py:343} ERROR - Failed to import: /opt/airflow/dags/sonatav1.py
Traceback (most recent call last):
  File "/home/airflow/.local/lib/python3.7/site-packages/airflow/models/dagbag.py", line 339, in parse
    loader.exec_module(new_module)
  File "<frozen importlib._bootstrap_external>", line 728, in exec_module
  File "<frozen importlib._bootstrap>", line 219, in _call_with_frames_removed
  File "/opt/airflow/dags/sonatav1.py", line 7, in <module>
    from constants.dag_default_constants import DEFAULT_DAGRUN_TIMEOUT
ModuleNotFoundError: No module named 'constants'
[2022-12-15T13:32:23.113+0000] {processor.py:755} WARNING - No viable dags retrieved from /opt/airflow/dags/sonatav1.py
[2022-12-15T13:32:23.126+0000] {processor.py:175} INFO - Processing /opt/airflow/dags/sonatav1.py took 0.032 seconds
[2022-12-15T13:32:53.688+0000] {processor.py:153} INFO - Started process (PID=22996) to work on /opt/airflow/dags/sonatav1.py
[2022-12-15T13:32:53.699+0000] {processor.py:743} INFO - Processing file /opt/airflow/dags/sonatav1.py for tasks to queue
[2022-12-15T13:32:53.700+0000] {logging_mixin.py:137} INFO - [2022-12-15T13:32:53.700+0000] {dagbag.py:538} INFO - Filling up the DagBag from /opt/airflow/dags/sonatav1.py
[2022-12-15T13:32:53.712+0000] {logging_mixin.py:137} INFO - [2022-12-15T13:32:53.711+0000] {dagbag.py:343} ERROR - Failed to import: /opt/airflow/dags/sonatav1.py
Traceback (most recent call last):
  File "/home/airflow/.local/lib/python3.7/site-packages/airflow/models/dagbag.py", line 339, in parse
    loader.exec_module(new_module)
  File "<frozen importlib._bootstrap_external>", line 728, in exec_module
  File "<frozen importlib._bootstrap>", line 219, in _call_with_frames_removed
  File "/opt/airflow/dags/sonatav1.py", line 7, in <module>
    from constants.dag_default_constants import DEFAULT_DAGRUN_TIMEOUT
ModuleNotFoundError: No module named 'constants'
[2022-12-15T13:32:53.713+0000] {processor.py:755} WARNING - No viable dags retrieved from /opt/airflow/dags/sonatav1.py
[2022-12-15T13:32:53.726+0000] {processor.py:175} INFO - Processing /opt/airflow/dags/sonatav1.py took 0.042 seconds
[2022-12-15T13:33:24.210+0000] {processor.py:153} INFO - Started process (PID=23085) to work on /opt/airflow/dags/sonatav1.py
[2022-12-15T13:33:24.221+0000] {processor.py:743} INFO - Processing file /opt/airflow/dags/sonatav1.py for tasks to queue
[2022-12-15T13:33:24.222+0000] {logging_mixin.py:137} INFO - [2022-12-15T13:33:24.221+0000] {dagbag.py:538} INFO - Filling up the DagBag from /opt/airflow/dags/sonatav1.py
[2022-12-15T13:33:24.229+0000] {logging_mixin.py:137} INFO - [2022-12-15T13:33:24.228+0000] {dagbag.py:343} ERROR - Failed to import: /opt/airflow/dags/sonatav1.py
Traceback (most recent call last):
  File "/home/airflow/.local/lib/python3.7/site-packages/airflow/models/dagbag.py", line 339, in parse
    loader.exec_module(new_module)
  File "<frozen importlib._bootstrap_external>", line 728, in exec_module
  File "<frozen importlib._bootstrap>", line 219, in _call_with_frames_removed
  File "/opt/airflow/dags/sonatav1.py", line 7, in <module>
    from constants.dag_default_constants import DEFAULT_DAGRUN_TIMEOUT
ModuleNotFoundError: No module named 'constants'
[2022-12-15T13:33:24.229+0000] {processor.py:755} WARNING - No viable dags retrieved from /opt/airflow/dags/sonatav1.py
[2022-12-15T13:33:24.258+0000] {processor.py:175} INFO - Processing /opt/airflow/dags/sonatav1.py took 0.050 seconds
[2022-12-15T13:33:54.546+0000] {processor.py:153} INFO - Started process (PID=23158) to work on /opt/airflow/dags/sonatav1.py
[2022-12-15T13:33:54.557+0000] {processor.py:743} INFO - Processing file /opt/airflow/dags/sonatav1.py for tasks to queue
[2022-12-15T13:33:54.558+0000] {logging_mixin.py:137} INFO - [2022-12-15T13:33:54.558+0000] {dagbag.py:538} INFO - Filling up the DagBag from /opt/airflow/dags/sonatav1.py
[2022-12-15T13:33:54.563+0000] {logging_mixin.py:137} INFO - [2022-12-15T13:33:54.563+0000] {dagbag.py:343} ERROR - Failed to import: /opt/airflow/dags/sonatav1.py
Traceback (most recent call last):
  File "/home/airflow/.local/lib/python3.7/site-packages/airflow/models/dagbag.py", line 339, in parse
    loader.exec_module(new_module)
  File "<frozen importlib._bootstrap_external>", line 728, in exec_module
  File "<frozen importlib._bootstrap>", line 219, in _call_with_frames_removed
  File "/opt/airflow/dags/sonatav1.py", line 7, in <module>
    from constants.dag_default_constants import DEFAULT_DAGRUN_TIMEOUT
ModuleNotFoundError: No module named 'constants'
[2022-12-15T13:33:54.564+0000] {processor.py:755} WARNING - No viable dags retrieved from /opt/airflow/dags/sonatav1.py
[2022-12-15T13:33:54.576+0000] {processor.py:175} INFO - Processing /opt/airflow/dags/sonatav1.py took 0.032 seconds
[2022-12-15T13:34:25.068+0000] {processor.py:153} INFO - Started process (PID=23247) to work on /opt/airflow/dags/sonatav1.py
[2022-12-15T13:34:25.080+0000] {processor.py:743} INFO - Processing file /opt/airflow/dags/sonatav1.py for tasks to queue
[2022-12-15T13:34:25.081+0000] {logging_mixin.py:137} INFO - [2022-12-15T13:34:25.081+0000] {dagbag.py:538} INFO - Filling up the DagBag from /opt/airflow/dags/sonatav1.py
[2022-12-15T13:34:25.087+0000] {logging_mixin.py:137} INFO - [2022-12-15T13:34:25.086+0000] {dagbag.py:343} ERROR - Failed to import: /opt/airflow/dags/sonatav1.py
Traceback (most recent call last):
  File "/home/airflow/.local/lib/python3.7/site-packages/airflow/models/dagbag.py", line 339, in parse
    loader.exec_module(new_module)
  File "<frozen importlib._bootstrap_external>", line 728, in exec_module
  File "<frozen importlib._bootstrap>", line 219, in _call_with_frames_removed
  File "/opt/airflow/dags/sonatav1.py", line 7, in <module>
    from constants.dag_default_constants import DEFAULT_DAGRUN_TIMEOUT
ModuleNotFoundError: No module named 'constants'
[2022-12-15T13:34:25.087+0000] {processor.py:755} WARNING - No viable dags retrieved from /opt/airflow/dags/sonatav1.py
[2022-12-15T13:34:25.102+0000] {processor.py:175} INFO - Processing /opt/airflow/dags/sonatav1.py took 0.036 seconds
[2022-12-15T13:34:55.752+0000] {processor.py:153} INFO - Started process (PID=23337) to work on /opt/airflow/dags/sonatav1.py
[2022-12-15T13:34:55.763+0000] {processor.py:743} INFO - Processing file /opt/airflow/dags/sonatav1.py for tasks to queue
[2022-12-15T13:34:55.764+0000] {logging_mixin.py:137} INFO - [2022-12-15T13:34:55.764+0000] {dagbag.py:538} INFO - Filling up the DagBag from /opt/airflow/dags/sonatav1.py
[2022-12-15T13:34:55.776+0000] {logging_mixin.py:137} INFO - [2022-12-15T13:34:55.775+0000] {dagbag.py:343} ERROR - Failed to import: /opt/airflow/dags/sonatav1.py
Traceback (most recent call last):
  File "/home/airflow/.local/lib/python3.7/site-packages/airflow/models/dagbag.py", line 339, in parse
    loader.exec_module(new_module)
  File "<frozen importlib._bootstrap_external>", line 728, in exec_module
  File "<frozen importlib._bootstrap>", line 219, in _call_with_frames_removed
  File "/opt/airflow/dags/sonatav1.py", line 7, in <module>
    from constants.dag_default_constants import DEFAULT_DAGRUN_TIMEOUT
ModuleNotFoundError: No module named 'constants'
[2022-12-15T13:34:55.776+0000] {processor.py:755} WARNING - No viable dags retrieved from /opt/airflow/dags/sonatav1.py
[2022-12-15T13:34:55.792+0000] {processor.py:175} INFO - Processing /opt/airflow/dags/sonatav1.py took 0.042 seconds
[2022-12-15T13:35:26.226+0000] {processor.py:153} INFO - Started process (PID=23410) to work on /opt/airflow/dags/sonatav1.py
[2022-12-15T13:35:26.238+0000] {processor.py:743} INFO - Processing file /opt/airflow/dags/sonatav1.py for tasks to queue
[2022-12-15T13:35:26.240+0000] {logging_mixin.py:137} INFO - [2022-12-15T13:35:26.239+0000] {dagbag.py:538} INFO - Filling up the DagBag from /opt/airflow/dags/sonatav1.py
[2022-12-15T13:35:26.249+0000] {logging_mixin.py:137} INFO - [2022-12-15T13:35:26.249+0000] {dagbag.py:343} ERROR - Failed to import: /opt/airflow/dags/sonatav1.py
Traceback (most recent call last):
  File "/home/airflow/.local/lib/python3.7/site-packages/airflow/models/dagbag.py", line 339, in parse
    loader.exec_module(new_module)
  File "<frozen importlib._bootstrap_external>", line 728, in exec_module
  File "<frozen importlib._bootstrap>", line 219, in _call_with_frames_removed
  File "/opt/airflow/dags/sonatav1.py", line 7, in <module>
    from constants.dag_default_constants import DEFAULT_DAGRUN_TIMEOUT
ModuleNotFoundError: No module named 'constants'
[2022-12-15T13:35:26.249+0000] {processor.py:755} WARNING - No viable dags retrieved from /opt/airflow/dags/sonatav1.py
[2022-12-15T13:35:26.263+0000] {processor.py:175} INFO - Processing /opt/airflow/dags/sonatav1.py took 0.041 seconds
[2022-12-15T13:35:56.641+0000] {processor.py:153} INFO - Started process (PID=23499) to work on /opt/airflow/dags/sonatav1.py
[2022-12-15T13:35:56.642+0000] {processor.py:743} INFO - Processing file /opt/airflow/dags/sonatav1.py for tasks to queue
[2022-12-15T13:35:56.643+0000] {logging_mixin.py:137} INFO - [2022-12-15T13:35:56.643+0000] {dagbag.py:538} INFO - Filling up the DagBag from /opt/airflow/dags/sonatav1.py
[2022-12-15T13:35:56.648+0000] {logging_mixin.py:137} INFO - [2022-12-15T13:35:56.648+0000] {dagbag.py:343} ERROR - Failed to import: /opt/airflow/dags/sonatav1.py
Traceback (most recent call last):
  File "/home/airflow/.local/lib/python3.7/site-packages/airflow/models/dagbag.py", line 339, in parse
    loader.exec_module(new_module)
  File "<frozen importlib._bootstrap_external>", line 728, in exec_module
  File "<frozen importlib._bootstrap>", line 219, in _call_with_frames_removed
  File "/opt/airflow/dags/sonatav1.py", line 7, in <module>
    from constants.dag_default_constants import DEFAULT_DAGRUN_TIMEOUT
ModuleNotFoundError: No module named 'constants'
[2022-12-15T13:35:56.649+0000] {processor.py:755} WARNING - No viable dags retrieved from /opt/airflow/dags/sonatav1.py
[2022-12-15T13:35:56.662+0000] {processor.py:175} INFO - Processing /opt/airflow/dags/sonatav1.py took 0.023 seconds
[2022-12-15T13:36:27.120+0000] {processor.py:153} INFO - Started process (PID=23572) to work on /opt/airflow/dags/sonatav1.py
[2022-12-15T13:36:27.132+0000] {processor.py:743} INFO - Processing file /opt/airflow/dags/sonatav1.py for tasks to queue
[2022-12-15T13:36:27.132+0000] {logging_mixin.py:137} INFO - [2022-12-15T13:36:27.132+0000] {dagbag.py:538} INFO - Filling up the DagBag from /opt/airflow/dags/sonatav1.py
[2022-12-15T13:36:27.137+0000] {logging_mixin.py:137} INFO - [2022-12-15T13:36:27.137+0000] {dagbag.py:343} ERROR - Failed to import: /opt/airflow/dags/sonatav1.py
Traceback (most recent call last):
  File "/home/airflow/.local/lib/python3.7/site-packages/airflow/models/dagbag.py", line 339, in parse
    loader.exec_module(new_module)
  File "<frozen importlib._bootstrap_external>", line 728, in exec_module
  File "<frozen importlib._bootstrap>", line 219, in _call_with_frames_removed
  File "/opt/airflow/dags/sonatav1.py", line 7, in <module>
    from constants.dag_default_constants import DEFAULT_DAGRUN_TIMEOUT
ModuleNotFoundError: No module named 'constants'
[2022-12-15T13:36:27.138+0000] {processor.py:755} WARNING - No viable dags retrieved from /opt/airflow/dags/sonatav1.py
[2022-12-15T13:36:27.151+0000] {processor.py:175} INFO - Processing /opt/airflow/dags/sonatav1.py took 0.033 seconds
[2022-12-15T13:36:57.494+0000] {processor.py:153} INFO - Started process (PID=23660) to work on /opt/airflow/dags/sonatav1.py
[2022-12-15T13:36:57.505+0000] {processor.py:743} INFO - Processing file /opt/airflow/dags/sonatav1.py for tasks to queue
[2022-12-15T13:36:57.506+0000] {logging_mixin.py:137} INFO - [2022-12-15T13:36:57.506+0000] {dagbag.py:538} INFO - Filling up the DagBag from /opt/airflow/dags/sonatav1.py
[2022-12-15T13:36:57.511+0000] {logging_mixin.py:137} INFO - [2022-12-15T13:36:57.511+0000] {dagbag.py:343} ERROR - Failed to import: /opt/airflow/dags/sonatav1.py
Traceback (most recent call last):
  File "/home/airflow/.local/lib/python3.7/site-packages/airflow/models/dagbag.py", line 339, in parse
    loader.exec_module(new_module)
  File "<frozen importlib._bootstrap_external>", line 728, in exec_module
  File "<frozen importlib._bootstrap>", line 219, in _call_with_frames_removed
  File "/opt/airflow/dags/sonatav1.py", line 7, in <module>
    from constants.dag_default_constants import DEFAULT_DAGRUN_TIMEOUT
ModuleNotFoundError: No module named 'constants'
[2022-12-15T13:36:57.512+0000] {processor.py:755} WARNING - No viable dags retrieved from /opt/airflow/dags/sonatav1.py
[2022-12-15T13:36:57.523+0000] {processor.py:175} INFO - Processing /opt/airflow/dags/sonatav1.py took 0.031 seconds
[2022-12-15T13:37:28.005+0000] {processor.py:153} INFO - Started process (PID=23733) to work on /opt/airflow/dags/sonatav1.py
[2022-12-15T13:37:28.017+0000] {processor.py:743} INFO - Processing file /opt/airflow/dags/sonatav1.py for tasks to queue
[2022-12-15T13:37:28.018+0000] {logging_mixin.py:137} INFO - [2022-12-15T13:37:28.018+0000] {dagbag.py:538} INFO - Filling up the DagBag from /opt/airflow/dags/sonatav1.py
[2022-12-15T13:37:28.030+0000] {logging_mixin.py:137} INFO - [2022-12-15T13:37:28.029+0000] {dagbag.py:343} ERROR - Failed to import: /opt/airflow/dags/sonatav1.py
Traceback (most recent call last):
  File "/home/airflow/.local/lib/python3.7/site-packages/airflow/models/dagbag.py", line 339, in parse
    loader.exec_module(new_module)
  File "<frozen importlib._bootstrap_external>", line 728, in exec_module
  File "<frozen importlib._bootstrap>", line 219, in _call_with_frames_removed
  File "/opt/airflow/dags/sonatav1.py", line 7, in <module>
    from constants.dag_default_constants import DEFAULT_DAGRUN_TIMEOUT
ModuleNotFoundError: No module named 'constants'
[2022-12-15T13:37:28.030+0000] {processor.py:755} WARNING - No viable dags retrieved from /opt/airflow/dags/sonatav1.py
[2022-12-15T13:37:28.042+0000] {processor.py:175} INFO - Processing /opt/airflow/dags/sonatav1.py took 0.039 seconds
[2022-12-15T13:37:58.530+0000] {processor.py:153} INFO - Started process (PID=23823) to work on /opt/airflow/dags/sonatav1.py
[2022-12-15T13:37:58.542+0000] {processor.py:743} INFO - Processing file /opt/airflow/dags/sonatav1.py for tasks to queue
[2022-12-15T13:37:58.544+0000] {logging_mixin.py:137} INFO - [2022-12-15T13:37:58.544+0000] {dagbag.py:538} INFO - Filling up the DagBag from /opt/airflow/dags/sonatav1.py
[2022-12-15T13:37:58.555+0000] {logging_mixin.py:137} INFO - [2022-12-15T13:37:58.555+0000] {dagbag.py:343} ERROR - Failed to import: /opt/airflow/dags/sonatav1.py
Traceback (most recent call last):
  File "/home/airflow/.local/lib/python3.7/site-packages/airflow/models/dagbag.py", line 339, in parse
    loader.exec_module(new_module)
  File "<frozen importlib._bootstrap_external>", line 728, in exec_module
  File "<frozen importlib._bootstrap>", line 219, in _call_with_frames_removed
  File "/opt/airflow/dags/sonatav1.py", line 7, in <module>
    from constants.dag_default_constants import DEFAULT_DAGRUN_TIMEOUT
ModuleNotFoundError: No module named 'constants'
[2022-12-15T13:37:58.556+0000] {processor.py:755} WARNING - No viable dags retrieved from /opt/airflow/dags/sonatav1.py
[2022-12-15T13:37:58.569+0000] {processor.py:175} INFO - Processing /opt/airflow/dags/sonatav1.py took 0.042 seconds
[2022-12-15T13:38:29.313+0000] {processor.py:153} INFO - Started process (PID=23898) to work on /opt/airflow/dags/sonatav1.py
[2022-12-15T13:38:29.317+0000] {processor.py:743} INFO - Processing file /opt/airflow/dags/sonatav1.py for tasks to queue
[2022-12-15T13:38:29.318+0000] {logging_mixin.py:137} INFO - [2022-12-15T13:38:29.318+0000] {dagbag.py:538} INFO - Filling up the DagBag from /opt/airflow/dags/sonatav1.py
[2022-12-15T13:38:29.323+0000] {logging_mixin.py:137} INFO - [2022-12-15T13:38:29.322+0000] {dagbag.py:343} ERROR - Failed to import: /opt/airflow/dags/sonatav1.py
Traceback (most recent call last):
  File "/home/airflow/.local/lib/python3.7/site-packages/airflow/models/dagbag.py", line 339, in parse
    loader.exec_module(new_module)
  File "<frozen importlib._bootstrap_external>", line 728, in exec_module
  File "<frozen importlib._bootstrap>", line 219, in _call_with_frames_removed
  File "/opt/airflow/dags/sonatav1.py", line 7, in <module>
    from constants.dag_default_constants import DEFAULT_DAGRUN_TIMEOUT
ModuleNotFoundError: No module named 'constants'
[2022-12-15T13:38:29.323+0000] {processor.py:755} WARNING - No viable dags retrieved from /opt/airflow/dags/sonatav1.py
[2022-12-15T13:38:29.336+0000] {processor.py:175} INFO - Processing /opt/airflow/dags/sonatav1.py took 0.026 seconds
[2022-12-15T13:38:59.830+0000] {processor.py:153} INFO - Started process (PID=23986) to work on /opt/airflow/dags/sonatav1.py
[2022-12-15T13:38:59.831+0000] {processor.py:743} INFO - Processing file /opt/airflow/dags/sonatav1.py for tasks to queue
[2022-12-15T13:38:59.832+0000] {logging_mixin.py:137} INFO - [2022-12-15T13:38:59.832+0000] {dagbag.py:538} INFO - Filling up the DagBag from /opt/airflow/dags/sonatav1.py
[2022-12-15T13:38:59.837+0000] {logging_mixin.py:137} INFO - [2022-12-15T13:38:59.837+0000] {dagbag.py:343} ERROR - Failed to import: /opt/airflow/dags/sonatav1.py
Traceback (most recent call last):
  File "/home/airflow/.local/lib/python3.7/site-packages/airflow/models/dagbag.py", line 339, in parse
    loader.exec_module(new_module)
  File "<frozen importlib._bootstrap_external>", line 728, in exec_module
  File "<frozen importlib._bootstrap>", line 219, in _call_with_frames_removed
  File "/opt/airflow/dags/sonatav1.py", line 7, in <module>
    from constants.dag_default_constants import DEFAULT_DAGRUN_TIMEOUT
ModuleNotFoundError: No module named 'constants'
[2022-12-15T13:38:59.837+0000] {processor.py:755} WARNING - No viable dags retrieved from /opt/airflow/dags/sonatav1.py
[2022-12-15T13:38:59.848+0000] {processor.py:175} INFO - Processing /opt/airflow/dags/sonatav1.py took 0.020 seconds
[2022-12-15T13:39:30.262+0000] {processor.py:153} INFO - Started process (PID=24059) to work on /opt/airflow/dags/sonatav1.py
[2022-12-15T13:39:30.273+0000] {processor.py:743} INFO - Processing file /opt/airflow/dags/sonatav1.py for tasks to queue
[2022-12-15T13:39:30.273+0000] {logging_mixin.py:137} INFO - [2022-12-15T13:39:30.273+0000] {dagbag.py:538} INFO - Filling up the DagBag from /opt/airflow/dags/sonatav1.py
[2022-12-15T13:39:30.278+0000] {logging_mixin.py:137} INFO - [2022-12-15T13:39:30.278+0000] {dagbag.py:343} ERROR - Failed to import: /opt/airflow/dags/sonatav1.py
Traceback (most recent call last):
  File "/home/airflow/.local/lib/python3.7/site-packages/airflow/models/dagbag.py", line 339, in parse
    loader.exec_module(new_module)
  File "<frozen importlib._bootstrap_external>", line 728, in exec_module
  File "<frozen importlib._bootstrap>", line 219, in _call_with_frames_removed
  File "/opt/airflow/dags/sonatav1.py", line 7, in <module>
    from constants.dag_default_constants import DEFAULT_DAGRUN_TIMEOUT
ModuleNotFoundError: No module named 'constants'
[2022-12-15T13:39:30.279+0000] {processor.py:755} WARNING - No viable dags retrieved from /opt/airflow/dags/sonatav1.py
[2022-12-15T13:39:30.292+0000] {processor.py:175} INFO - Processing /opt/airflow/dags/sonatav1.py took 0.032 seconds
[2022-12-15T13:40:00.864+0000] {processor.py:153} INFO - Started process (PID=24147) to work on /opt/airflow/dags/sonatav1.py
[2022-12-15T13:40:00.875+0000] {processor.py:743} INFO - Processing file /opt/airflow/dags/sonatav1.py for tasks to queue
[2022-12-15T13:40:00.876+0000] {logging_mixin.py:137} INFO - [2022-12-15T13:40:00.876+0000] {dagbag.py:538} INFO - Filling up the DagBag from /opt/airflow/dags/sonatav1.py
[2022-12-15T13:40:00.885+0000] {logging_mixin.py:137} INFO - [2022-12-15T13:40:00.884+0000] {dagbag.py:343} ERROR - Failed to import: /opt/airflow/dags/sonatav1.py
Traceback (most recent call last):
  File "/home/airflow/.local/lib/python3.7/site-packages/airflow/models/dagbag.py", line 339, in parse
    loader.exec_module(new_module)
  File "<frozen importlib._bootstrap_external>", line 728, in exec_module
  File "<frozen importlib._bootstrap>", line 219, in _call_with_frames_removed
  File "/opt/airflow/dags/sonatav1.py", line 7, in <module>
    from constants.dag_default_constants import DEFAULT_DAGRUN_TIMEOUT
ModuleNotFoundError: No module named 'constants'
[2022-12-15T13:40:00.886+0000] {processor.py:755} WARNING - No viable dags retrieved from /opt/airflow/dags/sonatav1.py
[2022-12-15T13:40:00.902+0000] {processor.py:175} INFO - Processing /opt/airflow/dags/sonatav1.py took 0.042 seconds
[2022-12-15T13:40:31.259+0000] {processor.py:153} INFO - Started process (PID=24220) to work on /opt/airflow/dags/sonatav1.py
[2022-12-15T13:40:31.260+0000] {processor.py:743} INFO - Processing file /opt/airflow/dags/sonatav1.py for tasks to queue
[2022-12-15T13:40:31.260+0000] {logging_mixin.py:137} INFO - [2022-12-15T13:40:31.260+0000] {dagbag.py:538} INFO - Filling up the DagBag from /opt/airflow/dags/sonatav1.py
[2022-12-15T13:40:31.265+0000] {logging_mixin.py:137} INFO - [2022-12-15T13:40:31.265+0000] {dagbag.py:343} ERROR - Failed to import: /opt/airflow/dags/sonatav1.py
Traceback (most recent call last):
  File "/home/airflow/.local/lib/python3.7/site-packages/airflow/models/dagbag.py", line 339, in parse
    loader.exec_module(new_module)
  File "<frozen importlib._bootstrap_external>", line 728, in exec_module
  File "<frozen importlib._bootstrap>", line 219, in _call_with_frames_removed
  File "/opt/airflow/dags/sonatav1.py", line 7, in <module>
    from constants.dag_default_constants import DEFAULT_DAGRUN_TIMEOUT
ModuleNotFoundError: No module named 'constants'
[2022-12-15T13:40:31.266+0000] {processor.py:755} WARNING - No viable dags retrieved from /opt/airflow/dags/sonatav1.py
[2022-12-15T13:40:31.277+0000] {processor.py:175} INFO - Processing /opt/airflow/dags/sonatav1.py took 0.020 seconds
[2022-12-15T13:41:01.863+0000] {processor.py:153} INFO - Started process (PID=24309) to work on /opt/airflow/dags/sonatav1.py
[2022-12-15T13:41:01.875+0000] {processor.py:743} INFO - Processing file /opt/airflow/dags/sonatav1.py for tasks to queue
[2022-12-15T13:41:01.876+0000] {logging_mixin.py:137} INFO - [2022-12-15T13:41:01.876+0000] {dagbag.py:538} INFO - Filling up the DagBag from /opt/airflow/dags/sonatav1.py
[2022-12-15T13:41:01.890+0000] {logging_mixin.py:137} INFO - [2022-12-15T13:41:01.889+0000] {dagbag.py:343} ERROR - Failed to import: /opt/airflow/dags/sonatav1.py
Traceback (most recent call last):
  File "/home/airflow/.local/lib/python3.7/site-packages/airflow/models/dagbag.py", line 339, in parse
    loader.exec_module(new_module)
  File "<frozen importlib._bootstrap_external>", line 728, in exec_module
  File "<frozen importlib._bootstrap>", line 219, in _call_with_frames_removed
  File "/opt/airflow/dags/sonatav1.py", line 7, in <module>
    from constants.dag_default_constants import DEFAULT_DAGRUN_TIMEOUT
ModuleNotFoundError: No module named 'constants'
[2022-12-15T13:41:01.890+0000] {processor.py:755} WARNING - No viable dags retrieved from /opt/airflow/dags/sonatav1.py
[2022-12-15T13:41:01.903+0000] {processor.py:175} INFO - Processing /opt/airflow/dags/sonatav1.py took 0.045 seconds
[2022-12-15T13:41:32.140+0000] {processor.py:153} INFO - Started process (PID=24384) to work on /opt/airflow/dags/sonatav1.py
[2022-12-15T13:41:32.152+0000] {processor.py:743} INFO - Processing file /opt/airflow/dags/sonatav1.py for tasks to queue
[2022-12-15T13:41:32.153+0000] {logging_mixin.py:137} INFO - [2022-12-15T13:41:32.153+0000] {dagbag.py:538} INFO - Filling up the DagBag from /opt/airflow/dags/sonatav1.py
[2022-12-15T13:41:32.166+0000] {logging_mixin.py:137} INFO - [2022-12-15T13:41:32.165+0000] {dagbag.py:343} ERROR - Failed to import: /opt/airflow/dags/sonatav1.py
Traceback (most recent call last):
  File "/home/airflow/.local/lib/python3.7/site-packages/airflow/models/dagbag.py", line 339, in parse
    loader.exec_module(new_module)
  File "<frozen importlib._bootstrap_external>", line 728, in exec_module
  File "<frozen importlib._bootstrap>", line 219, in _call_with_frames_removed
  File "/opt/airflow/dags/sonatav1.py", line 7, in <module>
    from constants.dag_default_constants import DEFAULT_DAGRUN_TIMEOUT
ModuleNotFoundError: No module named 'constants'
[2022-12-15T13:41:32.166+0000] {processor.py:755} WARNING - No viable dags retrieved from /opt/airflow/dags/sonatav1.py
[2022-12-15T13:41:32.179+0000] {processor.py:175} INFO - Processing /opt/airflow/dags/sonatav1.py took 0.043 seconds
[2022-12-15T13:42:02.773+0000] {processor.py:153} INFO - Started process (PID=24473) to work on /opt/airflow/dags/sonatav1.py
[2022-12-15T13:42:02.784+0000] {processor.py:743} INFO - Processing file /opt/airflow/dags/sonatav1.py for tasks to queue
[2022-12-15T13:42:02.785+0000] {logging_mixin.py:137} INFO - [2022-12-15T13:42:02.785+0000] {dagbag.py:538} INFO - Filling up the DagBag from /opt/airflow/dags/sonatav1.py
[2022-12-15T13:42:02.793+0000] {logging_mixin.py:137} INFO - [2022-12-15T13:42:02.792+0000] {dagbag.py:343} ERROR - Failed to import: /opt/airflow/dags/sonatav1.py
Traceback (most recent call last):
  File "/home/airflow/.local/lib/python3.7/site-packages/airflow/models/dagbag.py", line 339, in parse
    loader.exec_module(new_module)
  File "<frozen importlib._bootstrap_external>", line 728, in exec_module
  File "<frozen importlib._bootstrap>", line 219, in _call_with_frames_removed
  File "/opt/airflow/dags/sonatav1.py", line 7, in <module>
    from constants.dag_default_constants import DEFAULT_DAGRUN_TIMEOUT
ModuleNotFoundError: No module named 'constants'
[2022-12-15T13:42:02.793+0000] {processor.py:755} WARNING - No viable dags retrieved from /opt/airflow/dags/sonatav1.py
[2022-12-15T13:42:02.853+0000] {processor.py:175} INFO - Processing /opt/airflow/dags/sonatav1.py took 0.083 seconds
[2022-12-15T13:42:33.169+0000] {processor.py:153} INFO - Started process (PID=24546) to work on /opt/airflow/dags/sonatav1.py
[2022-12-15T13:42:33.171+0000] {processor.py:743} INFO - Processing file /opt/airflow/dags/sonatav1.py for tasks to queue
[2022-12-15T13:42:33.171+0000] {logging_mixin.py:137} INFO - [2022-12-15T13:42:33.171+0000] {dagbag.py:538} INFO - Filling up the DagBag from /opt/airflow/dags/sonatav1.py
[2022-12-15T13:42:33.177+0000] {logging_mixin.py:137} INFO - [2022-12-15T13:42:33.176+0000] {dagbag.py:343} ERROR - Failed to import: /opt/airflow/dags/sonatav1.py
Traceback (most recent call last):
  File "/home/airflow/.local/lib/python3.7/site-packages/airflow/models/dagbag.py", line 339, in parse
    loader.exec_module(new_module)
  File "<frozen importlib._bootstrap_external>", line 728, in exec_module
  File "<frozen importlib._bootstrap>", line 219, in _call_with_frames_removed
  File "/opt/airflow/dags/sonatav1.py", line 7, in <module>
    from constants.dag_default_constants import DEFAULT_DAGRUN_TIMEOUT
ModuleNotFoundError: No module named 'constants'
[2022-12-15T13:42:33.177+0000] {processor.py:755} WARNING - No viable dags retrieved from /opt/airflow/dags/sonatav1.py
[2022-12-15T13:42:33.191+0000] {processor.py:175} INFO - Processing /opt/airflow/dags/sonatav1.py took 0.025 seconds
[2022-12-15T13:43:03.334+0000] {processor.py:153} INFO - Started process (PID=24635) to work on /opt/airflow/dags/sonatav1.py
[2022-12-15T13:43:03.335+0000] {processor.py:743} INFO - Processing file /opt/airflow/dags/sonatav1.py for tasks to queue
[2022-12-15T13:43:03.336+0000] {logging_mixin.py:137} INFO - [2022-12-15T13:43:03.336+0000] {dagbag.py:538} INFO - Filling up the DagBag from /opt/airflow/dags/sonatav1.py
[2022-12-15T13:43:03.341+0000] {logging_mixin.py:137} INFO - [2022-12-15T13:43:03.341+0000] {dagbag.py:343} ERROR - Failed to import: /opt/airflow/dags/sonatav1.py
Traceback (most recent call last):
  File "/home/airflow/.local/lib/python3.7/site-packages/airflow/models/dagbag.py", line 339, in parse
    loader.exec_module(new_module)
  File "<frozen importlib._bootstrap_external>", line 728, in exec_module
  File "<frozen importlib._bootstrap>", line 219, in _call_with_frames_removed
  File "/opt/airflow/dags/sonatav1.py", line 7, in <module>
    from constants.dag_default_constants import DEFAULT_DAGRUN_TIMEOUT
ModuleNotFoundError: No module named 'constants'
[2022-12-15T13:43:03.341+0000] {processor.py:755} WARNING - No viable dags retrieved from /opt/airflow/dags/sonatav1.py
[2022-12-15T13:43:03.354+0000] {processor.py:175} INFO - Processing /opt/airflow/dags/sonatav1.py took 0.023 seconds
[2022-12-15T13:43:33.572+0000] {processor.py:153} INFO - Started process (PID=24708) to work on /opt/airflow/dags/sonatav1.py
[2022-12-15T13:43:33.574+0000] {processor.py:743} INFO - Processing file /opt/airflow/dags/sonatav1.py for tasks to queue
[2022-12-15T13:43:33.575+0000] {logging_mixin.py:137} INFO - [2022-12-15T13:43:33.575+0000] {dagbag.py:538} INFO - Filling up the DagBag from /opt/airflow/dags/sonatav1.py
[2022-12-15T13:43:33.582+0000] {logging_mixin.py:137} INFO - [2022-12-15T13:43:33.582+0000] {dagbag.py:343} ERROR - Failed to import: /opt/airflow/dags/sonatav1.py
Traceback (most recent call last):
  File "/home/airflow/.local/lib/python3.7/site-packages/airflow/models/dagbag.py", line 339, in parse
    loader.exec_module(new_module)
  File "<frozen importlib._bootstrap_external>", line 728, in exec_module
  File "<frozen importlib._bootstrap>", line 219, in _call_with_frames_removed
  File "/opt/airflow/dags/sonatav1.py", line 7, in <module>
    from constants.dag_default_constants import DEFAULT_DAGRUN_TIMEOUT
ModuleNotFoundError: No module named 'constants'
[2022-12-15T13:43:33.583+0000] {processor.py:755} WARNING - No viable dags retrieved from /opt/airflow/dags/sonatav1.py
[2022-12-15T13:43:33.597+0000] {processor.py:175} INFO - Processing /opt/airflow/dags/sonatav1.py took 0.027 seconds
[2022-12-15T13:44:03.696+0000] {processor.py:153} INFO - Started process (PID=24797) to work on /opt/airflow/dags/sonatav1.py
[2022-12-15T13:44:03.708+0000] {processor.py:743} INFO - Processing file /opt/airflow/dags/sonatav1.py for tasks to queue
[2022-12-15T13:44:03.710+0000] {logging_mixin.py:137} INFO - [2022-12-15T13:44:03.709+0000] {dagbag.py:538} INFO - Filling up the DagBag from /opt/airflow/dags/sonatav1.py
[2022-12-15T13:44:03.721+0000] {logging_mixin.py:137} INFO - [2022-12-15T13:44:03.720+0000] {dagbag.py:343} ERROR - Failed to import: /opt/airflow/dags/sonatav1.py
Traceback (most recent call last):
  File "/home/airflow/.local/lib/python3.7/site-packages/airflow/models/dagbag.py", line 339, in parse
    loader.exec_module(new_module)
  File "<frozen importlib._bootstrap_external>", line 728, in exec_module
  File "<frozen importlib._bootstrap>", line 219, in _call_with_frames_removed
  File "/opt/airflow/dags/sonatav1.py", line 7, in <module>
    from constants.dag_default_constants import DEFAULT_DAGRUN_TIMEOUT
ModuleNotFoundError: No module named 'constants'
[2022-12-15T13:44:03.722+0000] {processor.py:755} WARNING - No viable dags retrieved from /opt/airflow/dags/sonatav1.py
[2022-12-15T13:44:03.734+0000] {processor.py:175} INFO - Processing /opt/airflow/dags/sonatav1.py took 0.042 seconds
[2022-12-15T13:44:34.015+0000] {processor.py:153} INFO - Started process (PID=24870) to work on /opt/airflow/dags/sonatav1.py
[2022-12-15T13:44:34.026+0000] {processor.py:743} INFO - Processing file /opt/airflow/dags/sonatav1.py for tasks to queue
[2022-12-15T13:44:34.026+0000] {logging_mixin.py:137} INFO - [2022-12-15T13:44:34.026+0000] {dagbag.py:538} INFO - Filling up the DagBag from /opt/airflow/dags/sonatav1.py
[2022-12-15T13:44:34.032+0000] {logging_mixin.py:137} INFO - [2022-12-15T13:44:34.031+0000] {dagbag.py:343} ERROR - Failed to import: /opt/airflow/dags/sonatav1.py
Traceback (most recent call last):
  File "/home/airflow/.local/lib/python3.7/site-packages/airflow/models/dagbag.py", line 339, in parse
    loader.exec_module(new_module)
  File "<frozen importlib._bootstrap_external>", line 728, in exec_module
  File "<frozen importlib._bootstrap>", line 219, in _call_with_frames_removed
  File "/opt/airflow/dags/sonatav1.py", line 7, in <module>
    from constants.dag_default_constants import DEFAULT_DAGRUN_TIMEOUT
ModuleNotFoundError: No module named 'constants'
[2022-12-15T13:44:34.033+0000] {processor.py:755} WARNING - No viable dags retrieved from /opt/airflow/dags/sonatav1.py
[2022-12-15T13:44:34.044+0000] {processor.py:175} INFO - Processing /opt/airflow/dags/sonatav1.py took 0.032 seconds
[2022-12-15T13:45:04.364+0000] {processor.py:153} INFO - Started process (PID=24959) to work on /opt/airflow/dags/sonatav1.py
[2022-12-15T13:45:04.375+0000] {processor.py:743} INFO - Processing file /opt/airflow/dags/sonatav1.py for tasks to queue
[2022-12-15T13:45:04.376+0000] {logging_mixin.py:137} INFO - [2022-12-15T13:45:04.376+0000] {dagbag.py:538} INFO - Filling up the DagBag from /opt/airflow/dags/sonatav1.py
[2022-12-15T13:45:04.383+0000] {logging_mixin.py:137} INFO - [2022-12-15T13:45:04.383+0000] {dagbag.py:343} ERROR - Failed to import: /opt/airflow/dags/sonatav1.py
Traceback (most recent call last):
  File "/home/airflow/.local/lib/python3.7/site-packages/airflow/models/dagbag.py", line 339, in parse
    loader.exec_module(new_module)
  File "<frozen importlib._bootstrap_external>", line 728, in exec_module
  File "<frozen importlib._bootstrap>", line 219, in _call_with_frames_removed
  File "/opt/airflow/dags/sonatav1.py", line 7, in <module>
    from constants.dag_default_constants import DEFAULT_DAGRUN_TIMEOUT
ModuleNotFoundError: No module named 'constants'
[2022-12-15T13:45:04.383+0000] {processor.py:755} WARNING - No viable dags retrieved from /opt/airflow/dags/sonatav1.py
[2022-12-15T13:45:04.397+0000] {processor.py:175} INFO - Processing /opt/airflow/dags/sonatav1.py took 0.037 seconds
[2022-12-15T13:45:35.130+0000] {processor.py:153} INFO - Started process (PID=25031) to work on /opt/airflow/dags/sonatav1.py
[2022-12-15T13:45:35.142+0000] {processor.py:743} INFO - Processing file /opt/airflow/dags/sonatav1.py for tasks to queue
[2022-12-15T13:45:35.142+0000] {logging_mixin.py:137} INFO - [2022-12-15T13:45:35.142+0000] {dagbag.py:538} INFO - Filling up the DagBag from /opt/airflow/dags/sonatav1.py
[2022-12-15T13:45:35.148+0000] {logging_mixin.py:137} INFO - [2022-12-15T13:45:35.147+0000] {dagbag.py:343} ERROR - Failed to import: /opt/airflow/dags/sonatav1.py
Traceback (most recent call last):
  File "/home/airflow/.local/lib/python3.7/site-packages/airflow/models/dagbag.py", line 339, in parse
    loader.exec_module(new_module)
  File "<frozen importlib._bootstrap_external>", line 728, in exec_module
  File "<frozen importlib._bootstrap>", line 219, in _call_with_frames_removed
  File "/opt/airflow/dags/sonatav1.py", line 7, in <module>
    from constants.dag_default_constants import DEFAULT_DAGRUN_TIMEOUT
ModuleNotFoundError: No module named 'constants'
[2022-12-15T13:45:35.148+0000] {processor.py:755} WARNING - No viable dags retrieved from /opt/airflow/dags/sonatav1.py
[2022-12-15T13:45:35.164+0000] {processor.py:175} INFO - Processing /opt/airflow/dags/sonatav1.py took 0.036 seconds
[2022-12-15T13:46:05.782+0000] {processor.py:153} INFO - Started process (PID=25120) to work on /opt/airflow/dags/sonatav1.py
[2022-12-15T13:46:05.793+0000] {processor.py:743} INFO - Processing file /opt/airflow/dags/sonatav1.py for tasks to queue
[2022-12-15T13:46:05.793+0000] {logging_mixin.py:137} INFO - [2022-12-15T13:46:05.793+0000] {dagbag.py:538} INFO - Filling up the DagBag from /opt/airflow/dags/sonatav1.py
[2022-12-15T13:46:05.799+0000] {logging_mixin.py:137} INFO - [2022-12-15T13:46:05.798+0000] {dagbag.py:343} ERROR - Failed to import: /opt/airflow/dags/sonatav1.py
Traceback (most recent call last):
  File "/home/airflow/.local/lib/python3.7/site-packages/airflow/models/dagbag.py", line 339, in parse
    loader.exec_module(new_module)
  File "<frozen importlib._bootstrap_external>", line 728, in exec_module
  File "<frozen importlib._bootstrap>", line 219, in _call_with_frames_removed
  File "/opt/airflow/dags/sonatav1.py", line 7, in <module>
    from constants.dag_default_constants import DEFAULT_DAGRUN_TIMEOUT
ModuleNotFoundError: No module named 'constants'
[2022-12-15T13:46:05.799+0000] {processor.py:755} WARNING - No viable dags retrieved from /opt/airflow/dags/sonatav1.py
[2022-12-15T13:46:05.810+0000] {processor.py:175} INFO - Processing /opt/airflow/dags/sonatav1.py took 0.031 seconds
[2022-12-15T13:46:35.948+0000] {processor.py:153} INFO - Started process (PID=25193) to work on /opt/airflow/dags/sonatav1.py
[2022-12-15T13:46:35.949+0000] {processor.py:743} INFO - Processing file /opt/airflow/dags/sonatav1.py for tasks to queue
[2022-12-15T13:46:35.949+0000] {logging_mixin.py:137} INFO - [2022-12-15T13:46:35.949+0000] {dagbag.py:538} INFO - Filling up the DagBag from /opt/airflow/dags/sonatav1.py
[2022-12-15T13:46:35.954+0000] {logging_mixin.py:137} INFO - [2022-12-15T13:46:35.953+0000] {dagbag.py:343} ERROR - Failed to import: /opt/airflow/dags/sonatav1.py
Traceback (most recent call last):
  File "/home/airflow/.local/lib/python3.7/site-packages/airflow/models/dagbag.py", line 339, in parse
    loader.exec_module(new_module)
  File "<frozen importlib._bootstrap_external>", line 728, in exec_module
  File "<frozen importlib._bootstrap>", line 219, in _call_with_frames_removed
  File "/opt/airflow/dags/sonatav1.py", line 7, in <module>
    from constants.dag_default_constants import DEFAULT_DAGRUN_TIMEOUT
ModuleNotFoundError: No module named 'constants'
[2022-12-15T13:46:35.954+0000] {processor.py:755} WARNING - No viable dags retrieved from /opt/airflow/dags/sonatav1.py
[2022-12-15T13:46:35.969+0000] {processor.py:175} INFO - Processing /opt/airflow/dags/sonatav1.py took 0.025 seconds
[2022-12-15T13:47:06.059+0000] {processor.py:153} INFO - Started process (PID=25282) to work on /opt/airflow/dags/sonatav1.py
[2022-12-15T13:47:06.060+0000] {processor.py:743} INFO - Processing file /opt/airflow/dags/sonatav1.py for tasks to queue
[2022-12-15T13:47:06.061+0000] {logging_mixin.py:137} INFO - [2022-12-15T13:47:06.060+0000] {dagbag.py:538} INFO - Filling up the DagBag from /opt/airflow/dags/sonatav1.py
[2022-12-15T13:47:06.066+0000] {logging_mixin.py:137} INFO - [2022-12-15T13:47:06.065+0000] {dagbag.py:343} ERROR - Failed to import: /opt/airflow/dags/sonatav1.py
Traceback (most recent call last):
  File "/home/airflow/.local/lib/python3.7/site-packages/airflow/models/dagbag.py", line 339, in parse
    loader.exec_module(new_module)
  File "<frozen importlib._bootstrap_external>", line 728, in exec_module
  File "<frozen importlib._bootstrap>", line 219, in _call_with_frames_removed
  File "/opt/airflow/dags/sonatav1.py", line 7, in <module>
    from constants.dag_default_constants import DEFAULT_DAGRUN_TIMEOUT
ModuleNotFoundError: No module named 'constants'
[2022-12-15T13:47:06.066+0000] {processor.py:755} WARNING - No viable dags retrieved from /opt/airflow/dags/sonatav1.py
[2022-12-15T13:47:06.081+0000] {processor.py:175} INFO - Processing /opt/airflow/dags/sonatav1.py took 0.025 seconds
[2022-12-15T13:47:36.267+0000] {processor.py:153} INFO - Started process (PID=25355) to work on /opt/airflow/dags/sonatav1.py
[2022-12-15T13:47:36.279+0000] {processor.py:743} INFO - Processing file /opt/airflow/dags/sonatav1.py for tasks to queue
[2022-12-15T13:47:36.280+0000] {logging_mixin.py:137} INFO - [2022-12-15T13:47:36.280+0000] {dagbag.py:538} INFO - Filling up the DagBag from /opt/airflow/dags/sonatav1.py
[2022-12-15T13:47:36.287+0000] {logging_mixin.py:137} INFO - [2022-12-15T13:47:36.286+0000] {dagbag.py:343} ERROR - Failed to import: /opt/airflow/dags/sonatav1.py
Traceback (most recent call last):
  File "/home/airflow/.local/lib/python3.7/site-packages/airflow/models/dagbag.py", line 339, in parse
    loader.exec_module(new_module)
  File "<frozen importlib._bootstrap_external>", line 728, in exec_module
  File "<frozen importlib._bootstrap>", line 219, in _call_with_frames_removed
  File "/opt/airflow/dags/sonatav1.py", line 7, in <module>
    from constants.dag_default_constants import DEFAULT_DAGRUN_TIMEOUT
ModuleNotFoundError: No module named 'constants'
[2022-12-15T13:47:36.287+0000] {processor.py:755} WARNING - No viable dags retrieved from /opt/airflow/dags/sonatav1.py
[2022-12-15T13:47:36.305+0000] {processor.py:175} INFO - Processing /opt/airflow/dags/sonatav1.py took 0.041 seconds
[2022-12-15T13:48:06.463+0000] {processor.py:153} INFO - Started process (PID=25428) to work on /opt/airflow/dags/sonatav1.py
[2022-12-15T13:48:06.476+0000] {processor.py:743} INFO - Processing file /opt/airflow/dags/sonatav1.py for tasks to queue
[2022-12-15T13:48:06.477+0000] {logging_mixin.py:137} INFO - [2022-12-15T13:48:06.477+0000] {dagbag.py:538} INFO - Filling up the DagBag from /opt/airflow/dags/sonatav1.py
[2022-12-15T13:48:06.490+0000] {logging_mixin.py:137} INFO - [2022-12-15T13:48:06.489+0000] {dagbag.py:343} ERROR - Failed to import: /opt/airflow/dags/sonatav1.py
Traceback (most recent call last):
  File "/home/airflow/.local/lib/python3.7/site-packages/airflow/models/dagbag.py", line 339, in parse
    loader.exec_module(new_module)
  File "<frozen importlib._bootstrap_external>", line 728, in exec_module
  File "<frozen importlib._bootstrap>", line 219, in _call_with_frames_removed
  File "/opt/airflow/dags/sonatav1.py", line 7, in <module>
    from constants.dag_default_constants import DEFAULT_DAGRUN_TIMEOUT
ModuleNotFoundError: No module named 'constants'
[2022-12-15T13:48:06.491+0000] {processor.py:755} WARNING - No viable dags retrieved from /opt/airflow/dags/sonatav1.py
[2022-12-15T13:48:06.506+0000] {processor.py:175} INFO - Processing /opt/airflow/dags/sonatav1.py took 0.049 seconds
[2022-12-15T13:48:36.849+0000] {processor.py:153} INFO - Started process (PID=25517) to work on /opt/airflow/dags/sonatav1.py
[2022-12-15T13:48:36.862+0000] {processor.py:743} INFO - Processing file /opt/airflow/dags/sonatav1.py for tasks to queue
[2022-12-15T13:48:36.863+0000] {logging_mixin.py:137} INFO - [2022-12-15T13:48:36.863+0000] {dagbag.py:538} INFO - Filling up the DagBag from /opt/airflow/dags/sonatav1.py
[2022-12-15T13:48:36.883+0000] {logging_mixin.py:137} INFO - [2022-12-15T13:48:36.881+0000] {dagbag.py:343} ERROR - Failed to import: /opt/airflow/dags/sonatav1.py
Traceback (most recent call last):
  File "/home/airflow/.local/lib/python3.7/site-packages/airflow/models/dagbag.py", line 339, in parse
    loader.exec_module(new_module)
  File "<frozen importlib._bootstrap_external>", line 728, in exec_module
  File "<frozen importlib._bootstrap>", line 219, in _call_with_frames_removed
  File "/opt/airflow/dags/sonatav1.py", line 7, in <module>
    from constants.dag_default_constants import DEFAULT_DAGRUN_TIMEOUT
ModuleNotFoundError: No module named 'constants'
[2022-12-15T13:48:36.884+0000] {processor.py:755} WARNING - No viable dags retrieved from /opt/airflow/dags/sonatav1.py
[2022-12-15T13:48:36.912+0000] {processor.py:175} INFO - Processing /opt/airflow/dags/sonatav1.py took 0.070 seconds
[2022-12-15T13:49:07.110+0000] {processor.py:153} INFO - Started process (PID=25589) to work on /opt/airflow/dags/sonatav1.py
[2022-12-15T13:49:07.122+0000] {processor.py:743} INFO - Processing file /opt/airflow/dags/sonatav1.py for tasks to queue
[2022-12-15T13:49:07.123+0000] {logging_mixin.py:137} INFO - [2022-12-15T13:49:07.123+0000] {dagbag.py:538} INFO - Filling up the DagBag from /opt/airflow/dags/sonatav1.py
[2022-12-15T13:49:07.130+0000] {logging_mixin.py:137} INFO - [2022-12-15T13:49:07.129+0000] {dagbag.py:343} ERROR - Failed to import: /opt/airflow/dags/sonatav1.py
Traceback (most recent call last):
  File "/home/airflow/.local/lib/python3.7/site-packages/airflow/models/dagbag.py", line 339, in parse
    loader.exec_module(new_module)
  File "<frozen importlib._bootstrap_external>", line 728, in exec_module
  File "<frozen importlib._bootstrap>", line 219, in _call_with_frames_removed
  File "/opt/airflow/dags/sonatav1.py", line 7, in <module>
    from constants.dag_default_constants import DEFAULT_DAGRUN_TIMEOUT
ModuleNotFoundError: No module named 'constants'
[2022-12-15T13:49:07.130+0000] {processor.py:755} WARNING - No viable dags retrieved from /opt/airflow/dags/sonatav1.py
[2022-12-15T13:49:07.143+0000] {processor.py:175} INFO - Processing /opt/airflow/dags/sonatav1.py took 0.035 seconds
[2022-12-15T13:49:38.085+0000] {processor.py:153} INFO - Started process (PID=25678) to work on /opt/airflow/dags/sonatav1.py
[2022-12-15T13:49:38.096+0000] {processor.py:743} INFO - Processing file /opt/airflow/dags/sonatav1.py for tasks to queue
[2022-12-15T13:49:38.096+0000] {logging_mixin.py:137} INFO - [2022-12-15T13:49:38.096+0000] {dagbag.py:538} INFO - Filling up the DagBag from /opt/airflow/dags/sonatav1.py
[2022-12-15T13:49:38.101+0000] {logging_mixin.py:137} INFO - [2022-12-15T13:49:38.101+0000] {dagbag.py:343} ERROR - Failed to import: /opt/airflow/dags/sonatav1.py
Traceback (most recent call last):
  File "/home/airflow/.local/lib/python3.7/site-packages/airflow/models/dagbag.py", line 339, in parse
    loader.exec_module(new_module)
  File "<frozen importlib._bootstrap_external>", line 728, in exec_module
  File "<frozen importlib._bootstrap>", line 219, in _call_with_frames_removed
  File "/opt/airflow/dags/sonatav1.py", line 7, in <module>
    from constants.dag_default_constants import DEFAULT_DAGRUN_TIMEOUT
ModuleNotFoundError: No module named 'constants'
[2022-12-15T13:49:38.102+0000] {processor.py:755} WARNING - No viable dags retrieved from /opt/airflow/dags/sonatav1.py
[2022-12-15T13:49:38.115+0000] {processor.py:175} INFO - Processing /opt/airflow/dags/sonatav1.py took 0.032 seconds
[2022-12-15T13:50:08.369+0000] {processor.py:153} INFO - Started process (PID=25752) to work on /opt/airflow/dags/sonatav1.py
[2022-12-15T13:50:08.370+0000] {processor.py:743} INFO - Processing file /opt/airflow/dags/sonatav1.py for tasks to queue
[2022-12-15T13:50:08.371+0000] {logging_mixin.py:137} INFO - [2022-12-15T13:50:08.371+0000] {dagbag.py:538} INFO - Filling up the DagBag from /opt/airflow/dags/sonatav1.py
[2022-12-15T13:50:08.377+0000] {logging_mixin.py:137} INFO - [2022-12-15T13:50:08.377+0000] {dagbag.py:343} ERROR - Failed to import: /opt/airflow/dags/sonatav1.py
Traceback (most recent call last):
  File "/home/airflow/.local/lib/python3.7/site-packages/airflow/models/dagbag.py", line 339, in parse
    loader.exec_module(new_module)
  File "<frozen importlib._bootstrap_external>", line 728, in exec_module
  File "<frozen importlib._bootstrap>", line 219, in _call_with_frames_removed
  File "/opt/airflow/dags/sonatav1.py", line 7, in <module>
    from constants.dag_default_constants import DEFAULT_DAGRUN_TIMEOUT
ModuleNotFoundError: No module named 'constants'
[2022-12-15T13:50:08.377+0000] {processor.py:755} WARNING - No viable dags retrieved from /opt/airflow/dags/sonatav1.py
[2022-12-15T13:50:08.393+0000] {processor.py:175} INFO - Processing /opt/airflow/dags/sonatav1.py took 0.029 seconds
[2022-12-15T13:50:39.353+0000] {processor.py:153} INFO - Started process (PID=25841) to work on /opt/airflow/dags/sonatav1.py
[2022-12-15T13:50:39.353+0000] {processor.py:743} INFO - Processing file /opt/airflow/dags/sonatav1.py for tasks to queue
[2022-12-15T13:50:39.354+0000] {logging_mixin.py:137} INFO - [2022-12-15T13:50:39.354+0000] {dagbag.py:538} INFO - Filling up the DagBag from /opt/airflow/dags/sonatav1.py
[2022-12-15T13:50:39.362+0000] {logging_mixin.py:137} INFO - [2022-12-15T13:50:39.361+0000] {dagbag.py:343} ERROR - Failed to import: /opt/airflow/dags/sonatav1.py
Traceback (most recent call last):
  File "/home/airflow/.local/lib/python3.7/site-packages/airflow/models/dagbag.py", line 339, in parse
    loader.exec_module(new_module)
  File "<frozen importlib._bootstrap_external>", line 728, in exec_module
  File "<frozen importlib._bootstrap>", line 219, in _call_with_frames_removed
  File "/opt/airflow/dags/sonatav1.py", line 7, in <module>
    from constants.dag_default_constants import DEFAULT_DAGRUN_TIMEOUT
ModuleNotFoundError: No module named 'constants'
[2022-12-15T13:50:39.363+0000] {processor.py:755} WARNING - No viable dags retrieved from /opt/airflow/dags/sonatav1.py
[2022-12-15T13:50:39.380+0000] {processor.py:175} INFO - Processing /opt/airflow/dags/sonatav1.py took 0.030 seconds
[2022-12-15T13:51:10.106+0000] {processor.py:153} INFO - Started process (PID=25914) to work on /opt/airflow/dags/sonatav1.py
[2022-12-15T13:51:10.107+0000] {processor.py:743} INFO - Processing file /opt/airflow/dags/sonatav1.py for tasks to queue
[2022-12-15T13:51:10.107+0000] {logging_mixin.py:137} INFO - [2022-12-15T13:51:10.107+0000] {dagbag.py:538} INFO - Filling up the DagBag from /opt/airflow/dags/sonatav1.py
[2022-12-15T13:51:10.113+0000] {logging_mixin.py:137} INFO - [2022-12-15T13:51:10.112+0000] {dagbag.py:343} ERROR - Failed to import: /opt/airflow/dags/sonatav1.py
Traceback (most recent call last):
  File "/home/airflow/.local/lib/python3.7/site-packages/airflow/models/dagbag.py", line 339, in parse
    loader.exec_module(new_module)
  File "<frozen importlib._bootstrap_external>", line 728, in exec_module
  File "<frozen importlib._bootstrap>", line 219, in _call_with_frames_removed
  File "/opt/airflow/dags/sonatav1.py", line 7, in <module>
    from constants.dag_default_constants import DEFAULT_DAGRUN_TIMEOUT
ModuleNotFoundError: No module named 'constants'
[2022-12-15T13:51:10.113+0000] {processor.py:755} WARNING - No viable dags retrieved from /opt/airflow/dags/sonatav1.py
[2022-12-15T13:51:10.125+0000] {processor.py:175} INFO - Processing /opt/airflow/dags/sonatav1.py took 0.025 seconds
[2022-12-15T13:51:40.919+0000] {processor.py:153} INFO - Started process (PID=26002) to work on /opt/airflow/dags/sonatav1.py
[2022-12-15T13:51:40.920+0000] {processor.py:743} INFO - Processing file /opt/airflow/dags/sonatav1.py for tasks to queue
[2022-12-15T13:51:40.921+0000] {logging_mixin.py:137} INFO - [2022-12-15T13:51:40.921+0000] {dagbag.py:538} INFO - Filling up the DagBag from /opt/airflow/dags/sonatav1.py
[2022-12-15T13:51:40.929+0000] {logging_mixin.py:137} INFO - [2022-12-15T13:51:40.929+0000] {dagbag.py:343} ERROR - Failed to import: /opt/airflow/dags/sonatav1.py
Traceback (most recent call last):
  File "/home/airflow/.local/lib/python3.7/site-packages/airflow/models/dagbag.py", line 339, in parse
    loader.exec_module(new_module)
  File "<frozen importlib._bootstrap_external>", line 728, in exec_module
  File "<frozen importlib._bootstrap>", line 219, in _call_with_frames_removed
  File "/opt/airflow/dags/sonatav1.py", line 7, in <module>
    from constants.dag_default_constants import DEFAULT_DAGRUN_TIMEOUT
ModuleNotFoundError: No module named 'constants'
[2022-12-15T13:51:40.930+0000] {processor.py:755} WARNING - No viable dags retrieved from /opt/airflow/dags/sonatav1.py
[2022-12-15T13:51:40.943+0000] {processor.py:175} INFO - Processing /opt/airflow/dags/sonatav1.py took 0.029 seconds
[2022-12-15T13:52:11.555+0000] {processor.py:153} INFO - Started process (PID=26076) to work on /opt/airflow/dags/sonatav1.py
[2022-12-15T13:52:11.556+0000] {processor.py:743} INFO - Processing file /opt/airflow/dags/sonatav1.py for tasks to queue
[2022-12-15T13:52:11.557+0000] {logging_mixin.py:137} INFO - [2022-12-15T13:52:11.557+0000] {dagbag.py:538} INFO - Filling up the DagBag from /opt/airflow/dags/sonatav1.py
[2022-12-15T13:52:11.564+0000] {logging_mixin.py:137} INFO - [2022-12-15T13:52:11.563+0000] {dagbag.py:343} ERROR - Failed to import: /opt/airflow/dags/sonatav1.py
Traceback (most recent call last):
  File "/home/airflow/.local/lib/python3.7/site-packages/airflow/models/dagbag.py", line 339, in parse
    loader.exec_module(new_module)
  File "<frozen importlib._bootstrap_external>", line 728, in exec_module
  File "<frozen importlib._bootstrap>", line 219, in _call_with_frames_removed
  File "/opt/airflow/dags/sonatav1.py", line 7, in <module>
    from constants.dag_default_constants import DEFAULT_DAGRUN_TIMEOUT
ModuleNotFoundError: No module named 'constants'
[2022-12-15T13:52:11.564+0000] {processor.py:755} WARNING - No viable dags retrieved from /opt/airflow/dags/sonatav1.py
[2022-12-15T13:52:11.587+0000] {processor.py:175} INFO - Processing /opt/airflow/dags/sonatav1.py took 0.035 seconds
[2022-12-15T13:52:42.552+0000] {processor.py:153} INFO - Started process (PID=26165) to work on /opt/airflow/dags/sonatav1.py
[2022-12-15T13:52:42.563+0000] {processor.py:743} INFO - Processing file /opt/airflow/dags/sonatav1.py for tasks to queue
[2022-12-15T13:52:42.565+0000] {logging_mixin.py:137} INFO - [2022-12-15T13:52:42.564+0000] {dagbag.py:538} INFO - Filling up the DagBag from /opt/airflow/dags/sonatav1.py
[2022-12-15T13:52:42.571+0000] {logging_mixin.py:137} INFO - [2022-12-15T13:52:42.570+0000] {dagbag.py:343} ERROR - Failed to import: /opt/airflow/dags/sonatav1.py
Traceback (most recent call last):
  File "/home/airflow/.local/lib/python3.7/site-packages/airflow/models/dagbag.py", line 339, in parse
    loader.exec_module(new_module)
  File "<frozen importlib._bootstrap_external>", line 728, in exec_module
  File "<frozen importlib._bootstrap>", line 219, in _call_with_frames_removed
  File "/opt/airflow/dags/sonatav1.py", line 7, in <module>
    from constants.dag_default_constants import DEFAULT_DAGRUN_TIMEOUT
ModuleNotFoundError: No module named 'constants'
[2022-12-15T13:52:42.571+0000] {processor.py:755} WARNING - No viable dags retrieved from /opt/airflow/dags/sonatav1.py
[2022-12-15T13:52:42.587+0000] {processor.py:175} INFO - Processing /opt/airflow/dags/sonatav1.py took 0.038 seconds
[2022-12-15T13:53:12.738+0000] {processor.py:153} INFO - Started process (PID=26238) to work on /opt/airflow/dags/sonatav1.py
[2022-12-15T13:53:12.740+0000] {processor.py:743} INFO - Processing file /opt/airflow/dags/sonatav1.py for tasks to queue
[2022-12-15T13:53:12.740+0000] {logging_mixin.py:137} INFO - [2022-12-15T13:53:12.740+0000] {dagbag.py:538} INFO - Filling up the DagBag from /opt/airflow/dags/sonatav1.py
[2022-12-15T13:53:12.750+0000] {logging_mixin.py:137} INFO - [2022-12-15T13:53:12.749+0000] {dagbag.py:343} ERROR - Failed to import: /opt/airflow/dags/sonatav1.py
Traceback (most recent call last):
  File "/home/airflow/.local/lib/python3.7/site-packages/airflow/models/dagbag.py", line 339, in parse
    loader.exec_module(new_module)
  File "<frozen importlib._bootstrap_external>", line 728, in exec_module
  File "<frozen importlib._bootstrap>", line 219, in _call_with_frames_removed
  File "/opt/airflow/dags/sonatav1.py", line 7, in <module>
    from constants.dag_default_constants import DEFAULT_DAGRUN_TIMEOUT
ModuleNotFoundError: No module named 'constants'
[2022-12-15T13:53:12.751+0000] {processor.py:755} WARNING - No viable dags retrieved from /opt/airflow/dags/sonatav1.py
[2022-12-15T13:53:12.768+0000] {processor.py:175} INFO - Processing /opt/airflow/dags/sonatav1.py took 0.034 seconds
