[2022-12-15T12:35:27.138+0000] {taskinstance.py:1087} INFO - Dependencies all met for <TaskInstance: pyspark-pipeline.start_task manual__2022-12-15T12:35:26.233875+00:00 [queued]>
[2022-12-15T12:35:27.144+0000] {taskinstance.py:1087} INFO - Dependencies all met for <TaskInstance: pyspark-pipeline.start_task manual__2022-12-15T12:35:26.233875+00:00 [queued]>
[2022-12-15T12:35:27.144+0000] {taskinstance.py:1283} INFO - 
--------------------------------------------------------------------------------
[2022-12-15T12:35:27.144+0000] {taskinstance.py:1284} INFO - Starting attempt 1 of 3
[2022-12-15T12:35:27.144+0000] {taskinstance.py:1285} INFO - 
--------------------------------------------------------------------------------
[2022-12-15T12:35:27.153+0000] {taskinstance.py:1304} INFO - Executing <Task(PythonOperator): start_task> on 2022-12-15 12:35:26.233875+00:00
[2022-12-15T12:35:27.160+0000] {standard_task_runner.py:55} INFO - Started process 7248 to run task
[2022-12-15T12:35:27.162+0000] {standard_task_runner.py:82} INFO - Running: ['***', 'tasks', 'run', 'pyspark-pipeline', 'start_task', 'manual__2022-12-15T12:35:26.233875+00:00', '--job-id', '22', '--raw', '--subdir', 'DAGS_FOLDER/PysparkPipelineDag.py', '--cfg-path', '/tmp/tmp2bgz71z9']
[2022-12-15T12:35:27.162+0000] {standard_task_runner.py:83} INFO - Job 22: Subtask start_task
[2022-12-15T12:35:27.205+0000] {task_command.py:389} INFO - Running <TaskInstance: pyspark-pipeline.start_task manual__2022-12-15T12:35:26.233875+00:00 [running]> on host 0b34e9339e8a
[2022-12-15T12:35:27.258+0000] {taskinstance.py:1513} INFO - Exporting the following env vars:
AIRFLOW_CTX_DAG_OWNER=***
AIRFLOW_CTX_DAG_ID=pyspark-pipeline
AIRFLOW_CTX_TASK_ID=start_task
AIRFLOW_CTX_EXECUTION_DATE=2022-12-15T12:35:26.233875+00:00
AIRFLOW_CTX_TRY_NUMBER=1
AIRFLOW_CTX_DAG_RUN_ID=manual__2022-12-15T12:35:26.233875+00:00
[2022-12-15T12:35:27.259+0000] {logging_mixin.py:137} INFO - starting the pipeline.
[2022-12-15T12:35:27.276+0000] {python.py:177} INFO - Done. Returned value was: None
[2022-12-15T12:35:27.282+0000] {taskinstance.py:1327} INFO - Marking task as SUCCESS. dag_id=pyspark-pipeline, task_id=start_task, execution_date=20221215T123526, start_date=20221215T123527, end_date=20221215T123527
[2022-12-15T12:35:27.334+0000] {local_task_job.py:159} INFO - Task exited with return code 0
[2022-12-15T12:35:27.360+0000] {taskinstance.py:2582} INFO - 1 downstream tasks scheduled from follow-on schedule check
