[2022-12-15T12:27:35.716+0000] {taskinstance.py:1087} INFO - Dependencies all met for <TaskInstance: pyspark-pipeline.start_task manual__2022-12-15T12:27:35.181334+00:00 [queued]>
[2022-12-15T12:27:35.724+0000] {taskinstance.py:1087} INFO - Dependencies all met for <TaskInstance: pyspark-pipeline.start_task manual__2022-12-15T12:27:35.181334+00:00 [queued]>
[2022-12-15T12:27:35.724+0000] {taskinstance.py:1283} INFO - 
--------------------------------------------------------------------------------
[2022-12-15T12:27:35.724+0000] {taskinstance.py:1284} INFO - Starting attempt 1 of 3
[2022-12-15T12:27:35.725+0000] {taskinstance.py:1285} INFO - 
--------------------------------------------------------------------------------
[2022-12-15T12:27:35.736+0000] {taskinstance.py:1304} INFO - Executing <Task(PythonOperator): start_task> on 2022-12-15 12:27:35.181334+00:00
[2022-12-15T12:27:35.744+0000] {standard_task_runner.py:55} INFO - Started process 6604 to run task
[2022-12-15T12:27:35.746+0000] {standard_task_runner.py:82} INFO - Running: ['***', 'tasks', 'run', 'pyspark-pipeline', 'start_task', 'manual__2022-12-15T12:27:35.181334+00:00', '--job-id', '19', '--raw', '--subdir', 'DAGS_FOLDER/PysparkPipelineDag.py', '--cfg-path', '/tmp/tmpbwkpkq7c']
[2022-12-15T12:27:35.746+0000] {standard_task_runner.py:83} INFO - Job 19: Subtask start_task
[2022-12-15T12:27:35.796+0000] {task_command.py:389} INFO - Running <TaskInstance: pyspark-pipeline.start_task manual__2022-12-15T12:27:35.181334+00:00 [running]> on host 0b34e9339e8a
[2022-12-15T12:27:35.853+0000] {taskinstance.py:1513} INFO - Exporting the following env vars:
AIRFLOW_CTX_DAG_OWNER=***
AIRFLOW_CTX_DAG_ID=pyspark-pipeline
AIRFLOW_CTX_TASK_ID=start_task
AIRFLOW_CTX_EXECUTION_DATE=2022-12-15T12:27:35.181334+00:00
AIRFLOW_CTX_TRY_NUMBER=1
AIRFLOW_CTX_DAG_RUN_ID=manual__2022-12-15T12:27:35.181334+00:00
[2022-12-15T12:27:35.854+0000] {logging_mixin.py:137} INFO - starting the pipeline.
[2022-12-15T12:27:35.873+0000] {python.py:177} INFO - Done. Returned value was: None
[2022-12-15T12:27:35.881+0000] {taskinstance.py:1327} INFO - Marking task as SUCCESS. dag_id=pyspark-pipeline, task_id=start_task, execution_date=20221215T122735, start_date=20221215T122735, end_date=20221215T122735
[2022-12-15T12:27:35.917+0000] {local_task_job.py:159} INFO - Task exited with return code 0
[2022-12-15T12:27:35.976+0000] {taskinstance.py:2582} INFO - 1 downstream tasks scheduled from follow-on schedule check
