[2022-12-15T11:10:37.169+0000] {taskinstance.py:1087} INFO - Dependencies all met for <TaskInstance: tutorial_dag.transform manual__2022-12-15T11:10:35.317173+00:00 [queued]>
[2022-12-15T11:10:37.175+0000] {taskinstance.py:1087} INFO - Dependencies all met for <TaskInstance: tutorial_dag.transform manual__2022-12-15T11:10:35.317173+00:00 [queued]>
[2022-12-15T11:10:37.175+0000] {taskinstance.py:1283} INFO - 
--------------------------------------------------------------------------------
[2022-12-15T11:10:37.175+0000] {taskinstance.py:1284} INFO - Starting attempt 1 of 3
[2022-12-15T11:10:37.175+0000] {taskinstance.py:1285} INFO - 
--------------------------------------------------------------------------------
[2022-12-15T11:10:37.184+0000] {taskinstance.py:1304} INFO - Executing <Task(PythonOperator): transform> on 2022-12-15 11:10:35.317173+00:00
[2022-12-15T11:10:37.192+0000] {standard_task_runner.py:55} INFO - Started process 400 to run task
[2022-12-15T11:10:37.195+0000] {standard_task_runner.py:82} INFO - Running: ['***', 'tasks', 'run', 'tutorial_dag', 'transform', 'manual__2022-12-15T11:10:35.317173+00:00', '--job-id', '5', '--raw', '--subdir', '/home/***/.local/lib/python3.7/site-packages/***/example_dags/tutorial_dag.py', '--cfg-path', '/tmp/tmpgijdv23z']
[2022-12-15T11:10:37.195+0000] {standard_task_runner.py:83} INFO - Job 5: Subtask transform
[2022-12-15T11:10:37.233+0000] {task_command.py:389} INFO - Running <TaskInstance: tutorial_dag.transform manual__2022-12-15T11:10:35.317173+00:00 [running]> on host 0b34e9339e8a
[2022-12-15T11:10:37.281+0000] {taskinstance.py:1513} INFO - Exporting the following env vars:
AIRFLOW_CTX_DAG_OWNER=***
AIRFLOW_CTX_DAG_ID=tutorial_dag
AIRFLOW_CTX_TASK_ID=transform
AIRFLOW_CTX_EXECUTION_DATE=2022-12-15T11:10:35.317173+00:00
AIRFLOW_CTX_TRY_NUMBER=1
AIRFLOW_CTX_DAG_RUN_ID=manual__2022-12-15T11:10:35.317173+00:00
[2022-12-15T11:10:37.296+0000] {python.py:177} INFO - Done. Returned value was: None
[2022-12-15T11:10:37.303+0000] {taskinstance.py:1327} INFO - Marking task as SUCCESS. dag_id=tutorial_dag, task_id=transform, execution_date=20221215T111035, start_date=20221215T111037, end_date=20221215T111037
[2022-12-15T11:10:37.326+0000] {local_task_job.py:159} INFO - Task exited with return code 0
[2022-12-15T11:10:37.344+0000] {taskinstance.py:2582} INFO - 1 downstream tasks scheduled from follow-on schedule check
