[2022-12-15T12:40:30.934+0000] {taskinstance.py:1087} INFO - Dependencies all met for <TaskInstance: pyspark-pipeline.load_job_params_task manual__2022-12-15T12:35:26.233875+00:00 [queued]>
[2022-12-15T12:40:30.941+0000] {taskinstance.py:1087} INFO - Dependencies all met for <TaskInstance: pyspark-pipeline.load_job_params_task manual__2022-12-15T12:35:26.233875+00:00 [queued]>
[2022-12-15T12:40:30.941+0000] {taskinstance.py:1283} INFO - 
--------------------------------------------------------------------------------
[2022-12-15T12:40:30.942+0000] {taskinstance.py:1284} INFO - Starting attempt 1 of 3
[2022-12-15T12:40:30.942+0000] {taskinstance.py:1285} INFO - 
--------------------------------------------------------------------------------
[2022-12-15T12:40:30.952+0000] {taskinstance.py:1304} INFO - Executing <Task(PythonOperator): load_job_params_task> on 2022-12-15 12:35:26.233875+00:00
[2022-12-15T12:40:30.958+0000] {standard_task_runner.py:55} INFO - Started process 7681 to run task
[2022-12-15T12:40:30.961+0000] {standard_task_runner.py:82} INFO - Running: ['***', 'tasks', 'run', 'pyspark-pipeline', 'load_job_params_task', 'manual__2022-12-15T12:35:26.233875+00:00', '--job-id', '30', '--raw', '--subdir', 'DAGS_FOLDER/PysparkPipelineDag.py', '--cfg-path', '/tmp/tmpk_e6dr9k']
[2022-12-15T12:40:30.961+0000] {standard_task_runner.py:83} INFO - Job 30: Subtask load_job_params_task
[2022-12-15T12:40:31.004+0000] {task_command.py:389} INFO - Running <TaskInstance: pyspark-pipeline.load_job_params_task manual__2022-12-15T12:35:26.233875+00:00 [running]> on host 0b34e9339e8a
[2022-12-15T12:40:31.049+0000] {taskinstance.py:1513} INFO - Exporting the following env vars:
AIRFLOW_CTX_DAG_OWNER=***
AIRFLOW_CTX_DAG_ID=pyspark-pipeline
AIRFLOW_CTX_TASK_ID=load_job_params_task
AIRFLOW_CTX_EXECUTION_DATE=2022-12-15T12:35:26.233875+00:00
AIRFLOW_CTX_TRY_NUMBER=1
AIRFLOW_CTX_DAG_RUN_ID=manual__2022-12-15T12:35:26.233875+00:00
[2022-12-15T12:40:31.057+0000] {logging_mixin.py:137} INFO - {'total_order_value': 1236.7}
[2022-12-15T12:40:31.057+0000] {python.py:177} INFO - Done. Returned value was: None
[2022-12-15T12:40:31.063+0000] {taskinstance.py:1327} INFO - Marking task as SUCCESS. dag_id=pyspark-pipeline, task_id=load_job_params_task, execution_date=20221215T123526, start_date=20221215T124030, end_date=20221215T124031
[2022-12-15T12:40:31.092+0000] {local_task_job.py:159} INFO - Task exited with return code 0
[2022-12-15T12:40:31.121+0000] {taskinstance.py:2582} INFO - 0 downstream tasks scheduled from follow-on schedule check
