[2022-12-15T12:35:28.282+0000] {taskinstance.py:1087} INFO - Dependencies all met for <TaskInstance: pyspark-pipeline.select_partner_task manual__2022-12-15T12:35:26.233875+00:00 [queued]>
[2022-12-15T12:35:28.294+0000] {taskinstance.py:1087} INFO - Dependencies all met for <TaskInstance: pyspark-pipeline.select_partner_task manual__2022-12-15T12:35:26.233875+00:00 [queued]>
[2022-12-15T12:35:28.294+0000] {taskinstance.py:1283} INFO - 
--------------------------------------------------------------------------------
[2022-12-15T12:35:28.294+0000] {taskinstance.py:1284} INFO - Starting attempt 1 of 3
[2022-12-15T12:35:28.294+0000] {taskinstance.py:1285} INFO - 
--------------------------------------------------------------------------------
[2022-12-15T12:35:28.306+0000] {taskinstance.py:1304} INFO - Executing <Task(PythonOperator): select_partner_task> on 2022-12-15 12:35:26.233875+00:00
[2022-12-15T12:35:28.313+0000] {standard_task_runner.py:55} INFO - Started process 7250 to run task
[2022-12-15T12:35:28.315+0000] {standard_task_runner.py:82} INFO - Running: ['***', 'tasks', 'run', 'pyspark-pipeline', 'select_partner_task', 'manual__2022-12-15T12:35:26.233875+00:00', '--job-id', '23', '--raw', '--subdir', 'DAGS_FOLDER/PysparkPipelineDag.py', '--cfg-path', '/tmp/tmpn73unwcu']
[2022-12-15T12:35:28.316+0000] {standard_task_runner.py:83} INFO - Job 23: Subtask select_partner_task
[2022-12-15T12:35:28.357+0000] {task_command.py:389} INFO - Running <TaskInstance: pyspark-pipeline.select_partner_task manual__2022-12-15T12:35:26.233875+00:00 [running]> on host 0b34e9339e8a
[2022-12-15T12:35:28.407+0000] {taskinstance.py:1513} INFO - Exporting the following env vars:
AIRFLOW_CTX_DAG_OWNER=***
AIRFLOW_CTX_DAG_ID=pyspark-pipeline
AIRFLOW_CTX_TASK_ID=select_partner_task
AIRFLOW_CTX_EXECUTION_DATE=2022-12-15T12:35:26.233875+00:00
AIRFLOW_CTX_TRY_NUMBER=1
AIRFLOW_CTX_DAG_RUN_ID=manual__2022-12-15T12:35:26.233875+00:00
[2022-12-15T12:35:28.415+0000] {taskinstance.py:1772} ERROR - Task failed with exception
Traceback (most recent call last):
  File "/home/airflow/.local/lib/python3.7/site-packages/airflow/operators/python.py", line 175, in execute
    return_value = self.execute_callable()
  File "/home/airflow/.local/lib/python3.7/site-packages/airflow/operators/python.py", line 192, in execute_callable
    return self.python_callable(*self.op_args, **self.op_kwargs)
  File "/opt/airflow/dags/PysparkPipelineDag.py", line 32, in select_partner
    order_data = json.loads(extract_data_string)
  File "/usr/local/lib/python3.7/json/__init__.py", line 341, in loads
    raise TypeError(f'the JSON object must be str, bytes or bytearray, '
TypeError: the JSON object must be str, bytes or bytearray, not NoneType
[2022-12-15T12:35:28.420+0000] {taskinstance.py:1327} INFO - Marking task as UP_FOR_RETRY. dag_id=pyspark-pipeline, task_id=select_partner_task, execution_date=20221215T123526, start_date=20221215T123528, end_date=20221215T123528
[2022-12-15T12:35:28.428+0000] {standard_task_runner.py:105} ERROR - Failed to execute job 23 for task select_partner_task (the JSON object must be str, bytes or bytearray, not NoneType; 7250)
[2022-12-15T12:35:28.447+0000] {local_task_job.py:159} INFO - Task exited with return code 1
[2022-12-15T12:35:28.465+0000] {taskinstance.py:2582} INFO - 0 downstream tasks scheduled from follow-on schedule check
