[2022-12-15T12:40:29.819+0000] {taskinstance.py:1087} INFO - Dependencies all met for <TaskInstance: pyspark-pipeline.select_partner_task manual__2022-12-15T12:35:26.233875+00:00 [queued]>
[2022-12-15T12:40:29.825+0000] {taskinstance.py:1087} INFO - Dependencies all met for <TaskInstance: pyspark-pipeline.select_partner_task manual__2022-12-15T12:35:26.233875+00:00 [queued]>
[2022-12-15T12:40:29.825+0000] {taskinstance.py:1283} INFO - 
--------------------------------------------------------------------------------
[2022-12-15T12:40:29.825+0000] {taskinstance.py:1284} INFO - Starting attempt 2 of 3
[2022-12-15T12:40:29.826+0000] {taskinstance.py:1285} INFO - 
--------------------------------------------------------------------------------
[2022-12-15T12:40:29.835+0000] {taskinstance.py:1304} INFO - Executing <Task(PythonOperator): select_partner_task> on 2022-12-15 12:35:26.233875+00:00
[2022-12-15T12:40:29.842+0000] {standard_task_runner.py:55} INFO - Started process 7679 to run task
[2022-12-15T12:40:29.844+0000] {standard_task_runner.py:82} INFO - Running: ['***', 'tasks', 'run', 'pyspark-pipeline', 'select_partner_task', 'manual__2022-12-15T12:35:26.233875+00:00', '--job-id', '29', '--raw', '--subdir', 'DAGS_FOLDER/PysparkPipelineDag.py', '--cfg-path', '/tmp/tmpdar8gqcr']
[2022-12-15T12:40:29.844+0000] {standard_task_runner.py:83} INFO - Job 29: Subtask select_partner_task
[2022-12-15T12:40:29.885+0000] {task_command.py:389} INFO - Running <TaskInstance: pyspark-pipeline.select_partner_task manual__2022-12-15T12:35:26.233875+00:00 [running]> on host 0b34e9339e8a
[2022-12-15T12:40:29.929+0000] {taskinstance.py:1513} INFO - Exporting the following env vars:
AIRFLOW_CTX_DAG_OWNER=***
AIRFLOW_CTX_DAG_ID=pyspark-pipeline
AIRFLOW_CTX_TASK_ID=select_partner_task
AIRFLOW_CTX_EXECUTION_DATE=2022-12-15T12:35:26.233875+00:00
AIRFLOW_CTX_TRY_NUMBER=2
AIRFLOW_CTX_DAG_RUN_ID=manual__2022-12-15T12:35:26.233875+00:00
[2022-12-15T12:40:29.945+0000] {python.py:177} INFO - Done. Returned value was: None
[2022-12-15T12:40:29.951+0000] {taskinstance.py:1327} INFO - Marking task as SUCCESS. dag_id=pyspark-pipeline, task_id=select_partner_task, execution_date=20221215T123526, start_date=20221215T124029, end_date=20221215T124029
[2022-12-15T12:40:29.975+0000] {local_task_job.py:159} INFO - Task exited with return code 0
[2022-12-15T12:40:30.004+0000] {taskinstance.py:2582} INFO - 1 downstream tasks scheduled from follow-on schedule check
