[2022-12-15T12:32:37.314+0000] {taskinstance.py:1087} INFO - Dependencies all met for <TaskInstance: pyspark-pipeline.select_partner_task manual__2022-12-15T12:27:35.181334+00:00 [queued]>
[2022-12-15T12:32:37.321+0000] {taskinstance.py:1087} INFO - Dependencies all met for <TaskInstance: pyspark-pipeline.select_partner_task manual__2022-12-15T12:27:35.181334+00:00 [queued]>
[2022-12-15T12:32:37.321+0000] {taskinstance.py:1283} INFO - 
--------------------------------------------------------------------------------
[2022-12-15T12:32:37.321+0000] {taskinstance.py:1284} INFO - Starting attempt 2 of 3
[2022-12-15T12:32:37.322+0000] {taskinstance.py:1285} INFO - 
--------------------------------------------------------------------------------
[2022-12-15T12:32:37.336+0000] {taskinstance.py:1304} INFO - Executing <Task(PythonOperator): select_partner_task> on 2022-12-15 12:27:35.181334+00:00
[2022-12-15T12:32:37.343+0000] {standard_task_runner.py:55} INFO - Started process 7025 to run task
[2022-12-15T12:32:37.345+0000] {standard_task_runner.py:82} INFO - Running: ['***', 'tasks', 'run', 'pyspark-pipeline', 'select_partner_task', 'manual__2022-12-15T12:27:35.181334+00:00', '--job-id', '21', '--raw', '--subdir', 'DAGS_FOLDER/PysparkPipelineDag.py', '--cfg-path', '/tmp/tmp3qizabnm']
[2022-12-15T12:32:37.346+0000] {standard_task_runner.py:83} INFO - Job 21: Subtask select_partner_task
[2022-12-15T12:32:37.399+0000] {task_command.py:389} INFO - Running <TaskInstance: pyspark-pipeline.select_partner_task manual__2022-12-15T12:27:35.181334+00:00 [running]> on host 0b34e9339e8a
[2022-12-15T12:32:37.469+0000] {taskinstance.py:1513} INFO - Exporting the following env vars:
AIRFLOW_CTX_DAG_OWNER=***
AIRFLOW_CTX_DAG_ID=pyspark-pipeline
AIRFLOW_CTX_TASK_ID=select_partner_task
AIRFLOW_CTX_EXECUTION_DATE=2022-12-15T12:27:35.181334+00:00
AIRFLOW_CTX_TRY_NUMBER=2
AIRFLOW_CTX_DAG_RUN_ID=manual__2022-12-15T12:27:35.181334+00:00
[2022-12-15T12:32:37.478+0000] {taskinstance.py:1772} ERROR - Task failed with exception
Traceback (most recent call last):
  File "/home/airflow/.local/lib/python3.7/site-packages/airflow/operators/python.py", line 175, in execute
    return_value = self.execute_callable()
  File "/home/airflow/.local/lib/python3.7/site-packages/airflow/operators/python.py", line 192, in execute_callable
    return self.python_callable(*self.op_args, **self.op_kwargs)
  File "/opt/airflow/dags/PysparkPipelineDag.py", line 32, in select_partner
    order_data = json.loads(extract_data_string)
  File "/usr/local/lib/python3.7/json/__init__.py", line 341, in loads
    raise TypeError(f'the JSON object must be str, bytes or bytearray, '
TypeError: the JSON object must be str, bytes or bytearray, not NoneType
[2022-12-15T12:32:37.488+0000] {taskinstance.py:1327} INFO - Marking task as UP_FOR_RETRY. dag_id=pyspark-pipeline, task_id=select_partner_task, execution_date=20221215T122735, start_date=20221215T123237, end_date=20221215T123237
[2022-12-15T12:32:37.499+0000] {standard_task_runner.py:105} ERROR - Failed to execute job 21 for task select_partner_task (the JSON object must be str, bytes or bytearray, not NoneType; 7025)
[2022-12-15T12:32:37.517+0000] {local_task_job.py:159} INFO - Task exited with return code 1
[2022-12-15T12:32:37.536+0000] {taskinstance.py:2582} INFO - 0 downstream tasks scheduled from follow-on schedule check
