[2022-12-15T12:37:38.636+0000] {taskinstance.py:1087} INFO - Dependencies all met for <TaskInstance: pyspark-pipeline.select_partner_task manual__2022-12-15T12:27:35.181334+00:00 [queued]>
[2022-12-15T12:37:38.645+0000] {taskinstance.py:1087} INFO - Dependencies all met for <TaskInstance: pyspark-pipeline.select_partner_task manual__2022-12-15T12:27:35.181334+00:00 [queued]>
[2022-12-15T12:37:38.645+0000] {taskinstance.py:1283} INFO - 
--------------------------------------------------------------------------------
[2022-12-15T12:37:38.645+0000] {taskinstance.py:1284} INFO - Starting attempt 3 of 3
[2022-12-15T12:37:38.645+0000] {taskinstance.py:1285} INFO - 
--------------------------------------------------------------------------------
[2022-12-15T12:37:38.655+0000] {taskinstance.py:1304} INFO - Executing <Task(PythonOperator): select_partner_task> on 2022-12-15 12:27:35.181334+00:00
[2022-12-15T12:37:38.662+0000] {standard_task_runner.py:55} INFO - Started process 7429 to run task
[2022-12-15T12:37:38.664+0000] {standard_task_runner.py:82} INFO - Running: ['***', 'tasks', 'run', 'pyspark-pipeline', 'select_partner_task', 'manual__2022-12-15T12:27:35.181334+00:00', '--job-id', '24', '--raw', '--subdir', 'DAGS_FOLDER/PysparkPipelineDag.py', '--cfg-path', '/tmp/tmpyudyb5yz']
[2022-12-15T12:37:38.664+0000] {standard_task_runner.py:83} INFO - Job 24: Subtask select_partner_task
[2022-12-15T12:37:38.702+0000] {task_command.py:389} INFO - Running <TaskInstance: pyspark-pipeline.select_partner_task manual__2022-12-15T12:27:35.181334+00:00 [running]> on host 0b34e9339e8a
[2022-12-15T12:37:38.747+0000] {taskinstance.py:1513} INFO - Exporting the following env vars:
AIRFLOW_CTX_DAG_OWNER=***
AIRFLOW_CTX_DAG_ID=pyspark-pipeline
AIRFLOW_CTX_TASK_ID=select_partner_task
AIRFLOW_CTX_EXECUTION_DATE=2022-12-15T12:27:35.181334+00:00
AIRFLOW_CTX_TRY_NUMBER=3
AIRFLOW_CTX_DAG_RUN_ID=manual__2022-12-15T12:27:35.181334+00:00
[2022-12-15T12:37:38.762+0000] {python.py:177} INFO - Done. Returned value was: None
[2022-12-15T12:37:38.769+0000] {taskinstance.py:1327} INFO - Marking task as SUCCESS. dag_id=pyspark-pipeline, task_id=select_partner_task, execution_date=20221215T122735, start_date=20221215T123738, end_date=20221215T123738
[2022-12-15T12:37:38.795+0000] {local_task_job.py:159} INFO - Task exited with return code 0
[2022-12-15T12:37:38.811+0000] {taskinstance.py:2582} INFO - 1 downstream tasks scheduled from follow-on schedule check
